<?xml version="1.0" encoding="UTF-8"?>
<!-- Generated by org.testng.reporters.JUnitXMLReporter -->
<testsuite hostname="DESKTOP-9E5A4CC" name="Test" tests="25" failures="0" timestamp="26 Aug 2020 10:56:43 GMT" time="29.571" errors="0">
  <testcase name="invalidLoginTest" time="0.294" classname="RegressionTest.InvalidLoginTest"/>
  <testcase name="invalidLoginTest" time="0.509" classname="RegressionTest.InvalidLoginTest"/>
  <testcase name="login" time="5.619" classname="RegressionTest.LinkValidation"/>
  <testcase name="menuValidation" time="0.808" classname="RegressionTest.LinkValidation"/>
  <testcase name="invalidLoginTest" time="0.479" classname="RegressionTest.InvalidLoginTest"/>
  <testcase name="menuValidation" time="0.437" classname="RegressionTest.LinkValidation"/>
  <testcase name="menuValidation" time="0.489" classname="RegressionTest.LinkValidation"/>
  <testcase name="menuValidation" time="0.469" classname="RegressionTest.LinkValidation"/>
  <testcase name="invalidLoginTest" time="0.669" classname="RegressionTest.InvalidLoginTest"/>
  <testcase name="menuValidation" time="0.253" classname="RegressionTest.LinkValidation"/>
  <testcase name="menuValidation" time="0.293" classname="RegressionTest.LinkValidation"/>
  <testcase name="menuValidation" time="0.461" classname="RegressionTest.LinkValidation"/>
  <testcase name="menuValidation" time="0.427" classname="RegressionTest.LinkValidation"/>
  <testcase name="invalidLoginTest" time="0.885" classname="RegressionTest.InvalidLoginTest"/>
  <testcase name="menuValidation" time="0.449" classname="RegressionTest.LinkValidation"/>
  <testcase name="invalidLoginTest" time="0.599" classname="RegressionTest.InvalidLoginTest"/>
  <testcase name="invalidLoginTest" time="0.646" classname="RegressionTest.InvalidLoginTest"/>
  <testcase name="invalidLoginTest" time="0.572" classname="RegressionTest.InvalidLoginTest"/>
  <testcase name="invalidLoginTest" time="0.495" classname="RegressionTest.InvalidLoginTest"/>
  <testcase name="invalidLoginTest" time="0.619" classname="RegressionTest.InvalidLoginTest"/>
  <testcase name="invalidLoginTest" time="0.586" classname="RegressionTest.InvalidLoginTest"/>
  <testcase name="invalidLoginTest" time="0.662" classname="RegressionTest.InvalidLoginTest"/>
  <testcase name="invalidLoginTest" time="0.579" classname="RegressionTest.InvalidLoginTest"/>
  <testcase name="invalidLoginTest" time="0.576" classname="RegressionTest.InvalidLoginTest"/>
  <testcase name="invalidLoginTest" time="0.591" classname="RegressionTest.InvalidLoginTest"/>
</testsuite> <!-- Test -->
