<?xml version="1.0" encoding="UTF-8"?>
<testng-results skipped="0" failed="1" total="1" passed="0">
  <reporter-output>
  </reporter-output>
  <suite name="Suite" duration-ms="4510" started-at="2020-08-24T10:30:52Z" finished-at="2020-08-24T10:30:57Z">
    <groups>
      <group name="HighPriority">
        <method signature="InvalidLoginTest.invalidLoginTest(org.testng.ITestContext, java.lang.String, java.lang.String, java.lang.String)[pri:0, instance:RegressionTest.InvalidLoginTest@67e2d983]" name="invalidLoginTest" class="RegressionTest.InvalidLoginTest"/>
      </group> <!-- HighPriority -->
    </groups>
    <test name="Test" duration-ms="4510" started-at="2020-08-24T10:30:52Z" finished-at="2020-08-24T10:30:57Z">
      <class name="RegressionTest.InvalidLoginTest">
        <test-method status="PASS" signature="loadBrowser()[pri:0, instance:RegressionTest.InvalidLoginTest@67e2d983]" name="loadBrowser" is-config="true" duration-ms="4305" started-at="2020-08-24T16:00:52Z" finished-at="2020-08-24T16:00:57Z">
          <reporter-output>
          </reporter-output>
        </test-method> <!-- loadBrowser -->
        <test-method status="FAIL" signature="invalidLoginTest(org.testng.ITestContext, java.lang.String, java.lang.String, java.lang.String)[pri:0, instance:RegressionTest.InvalidLoginTest@67e2d983]" name="invalidLoginTest" duration-ms="0" started-at="2020-08-24T16:00:57Z" data-provider="TestDataRepository" finished-at="2020-08-24T16:00:57Z">
          <exception class="org.testng.TestNGException">
            <message>
              <![CDATA[
DataProvider should be static: public java.lang.Object[][] TestData.TestData.getTestData(org.testng.ITestContext,java.lang.reflect.Method)]]>
            </message>
            <full-stacktrace>
              <![CDATA[org.testng.TestNGException: 
DataProvider should be static: public java.lang.Object[][] TestData.TestData.getTestData(org.testng.ITestContext,java.lang.reflect.Method)
	at org.testng.internal.Parameters.findDataProvider(Parameters.java:331)
	at org.testng.internal.Parameters.findDataProvider(Parameters.java:265)
	at org.testng.internal.Parameters.handleParameters(Parameters.java:417)
	at org.testng.internal.Invoker.handleParameters(Invoker.java:1383)
	at org.testng.internal.Invoker.createParameters(Invoker.java:1075)
	at org.testng.internal.Invoker.invokeTestMethods(Invoker.java:1180)
	at org.testng.internal.TestMethodWorker.invokeTestMethods(TestMethodWorker.java:127)
	at org.testng.internal.TestMethodWorker.run(TestMethodWorker.java:111)
	at org.testng.TestRunner.privateRun(TestRunner.java:767)
	at org.testng.TestRunner.run(TestRunner.java:617)
	at org.testng.SuiteRunner.runTest(SuiteRunner.java:348)
	at org.testng.SuiteRunner.runSequentially(SuiteRunner.java:343)
	at org.testng.SuiteRunner.privateRun(SuiteRunner.java:305)
	at org.testng.SuiteRunner.run(SuiteRunner.java:254)
	at org.testng.SuiteRunnerWorker.runSuite(SuiteRunnerWorker.java:52)
	at org.testng.SuiteRunnerWorker.run(SuiteRunnerWorker.java:86)
	at org.testng.TestNG.runSuitesSequentially(TestNG.java:1224)
	at org.testng.TestNG.runSuitesLocally(TestNG.java:1149)
	at org.testng.TestNG.run(TestNG.java:1057)
	at org.apache.maven.surefire.testng.TestNGExecutor.run(TestNGExecutor.java:284)
	at org.apache.maven.surefire.testng.TestNGXmlTestSuite.execute(TestNGXmlTestSuite.java:75)
	at org.apache.maven.surefire.testng.TestNGProvider.invoke(TestNGProvider.java:119)
	at org.apache.maven.surefire.booter.ForkedBooter.runSuitesInProcess(ForkedBooter.java:428)
	at org.apache.maven.surefire.booter.ForkedBooter.execute(ForkedBooter.java:162)
	at org.apache.maven.surefire.booter.ForkedBooter.run(ForkedBooter.java:562)
	at org.apache.maven.surefire.booter.ForkedBooter.main(ForkedBooter.java:548)
]]>
            </full-stacktrace>
          </exception> <!-- org.testng.TestNGException -->
          <reporter-output>
          </reporter-output>
        </test-method> <!-- invalidLoginTest -->
        <test-method status="PASS" signature="closeBrowser()[pri:0, instance:RegressionTest.InvalidLoginTest@67e2d983]" name="closeBrowser" is-config="true" duration-ms="184" started-at="2020-08-24T16:00:57Z" finished-at="2020-08-24T16:00:57Z">
          <reporter-output>
          </reporter-output>
        </test-method> <!-- closeBrowser -->
      </class> <!-- RegressionTest.InvalidLoginTest -->
    </test> <!-- Test -->
  </suite> <!-- Suite -->
</testng-results>
