<?xml version="1.0" encoding="UTF-8"?>
<testsuite xmlns:xsi="http://www.w3.org/2001/XMLSchema-instance" xsi:noNamespaceSchemaLocation="https://maven.apache.org/surefire/maven-surefire-plugin/xsd/surefire-test-report-3.0.xsd" version="3.0" name="TestSuite" time="44.277" tests="25" errors="0" skipped="0" failures="0">
  <properties>
[...]
</properties>
  <testcase name="invalidLoginTest[TC#1_AllFieldsBlank, , , Username cannot be empty, org.testng.TestRunner@11df6cc9](1)" classname="RegressionTest.InvalidLoginTest" time="0.438">
    <system-err><![CDATA[Starting ChromeDriver 84.0.4147.30 (48b3e868b4cc0aa7e8149519690b6f6949e110a8-refs/branch-heads/4147@{#310}) on port 34169
Only local connections are allowed.
Please see https://chromedriver.chromium.org/security-considerations for suggestions on keeping ChromeDriver safe.
ChromeDriver was started successfully.
Starting ChromeDriver 84.0.4147.30 (48b3e868b4cc0aa7e8149519690b6f6949e110a8-refs/branch-heads/4147@{#310}) on port 8039
Only local connections are allowed.
Please see https://chromedriver.chromium.org/security-considerations for suggestions on keeping ChromeDriver safe.
ChromeDriver was started successfully.
]]></system-err>
  </testcase>
  <testcase name="invalidLoginTest[TC#2_UserNameBlank, , DUMMY_PASS, Username cannot be empty, org.testng.TestRunner@11df6cc9](2)" classname="RegressionTest.InvalidLoginTest" time="0.36"/>
  <testcase name="invalidLoginTest[TC#3_PasswordBlank, DUMMY_USERNAME, , Password cannot be empty, org.testng.TestRunner@11df6cc9](3)" classname="RegressionTest.InvalidLoginTest" time="0.409"/>
  <testcase name="invalidLoginTest[TC#4_InvalidCredentials, DUMMY_USERNAME, DUMMY_PASS, Invalid credentials, org.testng.TestRunner@11df6cc9](4)" classname="RegressionTest.InvalidLoginTest" time="0.238"/>
  <testcase name="invalidLoginTest[TC#5_AdditionalInvalidCredentials, NISHAD, Invalid, Invalid credentials, org.testng.TestRunner@11df6cc9](5)" classname="RegressionTest.InvalidLoginTest" time="0.882"/>
  <testcase name="invalidLoginTest[TC#6_AdditionalInvalidCredentials, Prajakta, Invalid, Invalid credentials, org.testng.TestRunner@11df6cc9](6)" classname="RegressionTest.InvalidLoginTest" time="1.035"/>
  <testcase name="invalidLoginTest[TC#7_AdditionalInvalidCredentials, Arun, Invalid, Invalid credentials, org.testng.TestRunner@11df6cc9](7)" classname="RegressionTest.InvalidLoginTest" time="0.772"/>
  <testcase name="invalidLoginTest[TC#8_AdditionalInvalidCredentials, Neha, Invalid, Invalid credentials, org.testng.TestRunner@11df6cc9](8)" classname="RegressionTest.InvalidLoginTest" time="1.244"/>
  <testcase name="invalidLoginTest[TC#9_AdditionalInvalidCredentials, Malhar, Invalid, Invalid credentials, org.testng.TestRunner@11df6cc9](9)" classname="RegressionTest.InvalidLoginTest" time="0.843"/>
  <testcase name="invalidLoginTest[TC#10_AdditionalInvalidCredentials, Ira, Invalid, Invalid credentials, org.testng.TestRunner@11df6cc9](10)" classname="RegressionTest.InvalidLoginTest" time="1.355"/>
  <testcase name="invalidLoginTest[TC#11_AdditionalBlanks,  ,  , Invalid credentials, org.testng.TestRunner@11df6cc9](11)" classname="RegressionTest.InvalidLoginTest" time="1.012"/>
  <testcase name="invalidLoginTest[TC#12_AdditionalBlanks,   ,  , Invalid credentials, org.testng.TestRunner@11df6cc9](12)" classname="RegressionTest.InvalidLoginTest" time="0.784"/>
  <testcase name="invalidLoginTest[TC#13_AdditionalBlanks,  ,   , Invalid credentials, org.testng.TestRunner@11df6cc9](13)" classname="RegressionTest.InvalidLoginTest" time="0.724"/>
  <testcase name="invalidLoginTest[TC#14_AdditionalBlanks,    ,   , Invalid credentials, org.testng.TestRunner@11df6cc9](14)" classname="RegressionTest.InvalidLoginTest" time="0.738"/>
  <testcase name="invalidLoginTest[TC#15_AdditionalBlanks,   ,     , Invalid credentials, org.testng.TestRunner@11df6cc9](15)" classname="RegressionTest.InvalidLoginTest" time="0.858"/>
  <testcase name="login[https://s2.demo.opensourcecms.com/orangehrm/symfony/web/index.php/auth/login, opensourcecms, opensourcecms, org.testng.TestRunner@11df6cc9](1)" classname="RegressionTest.LinkValidation" time="0.9"/>
  <testcase name="menuValidation[Admin, Admin.Organization&#10;Admin.Job&#10;Admin.Qualification&#10;Admin.Memberships&#10;Admin.Nationalities&#10;Admin.Users&#10;Admin.EmailNotifications&#10;Admin.ProjectInfo, org.testng.TestRunner@11df6cc9](1)" classname="RegressionTest.LinkValidation" time="0.69"/>
  <testcase name="menuValidation[Admin&#10;Admin.Organization, Admin.Organization.GeneralInformation&#10;Admin.Organization.Locations&#10;Admin.Organization.Structure, org.testng.TestRunner@11df6cc9](2)" classname="RegressionTest.LinkValidation" time="0.039"/>
  <testcase name="menuValidation[Admin&#10;Admin.Job, Admin.Job.JobTitles&#10;Admin.Job.PayGrades&#10;Admin.Job.EmploymentStatus&#10;Admin.Job.JobCategories&#10;Admin.Job.WorkShifts, org.testng.TestRunner@11df6cc9](3)" classname="RegressionTest.LinkValidation" time="0.51"/>
  <testcase name="menuValidation[Admin&#10;Admin.Qualification, Admin.Qualification.Skills&#10;Admin.Qualification.Education&#10;Admin.Qualification.Licenses&#10;Admin.Qualification.Languages, org.testng.TestRunner@11df6cc9](4)" classname="RegressionTest.LinkValidation" time="0.447"/>
  <testcase name="menuValidation[Admin&#10;Admin.EmailNotifications, Admin.EmailNotifications.Configuration&#10;Admin.EmailNotifications.Subscribe, org.testng.TestRunner@11df6cc9](5)" classname="RegressionTest.LinkValidation" time="0.302"/>
  <testcase name="menuValidation[Admin&#10;Admin.ProjectInfo, Admin.ProjectInfo.Customers&#10;Admin.ProjectInfo.Projects, org.testng.TestRunner@11df6cc9](6)" classname="RegressionTest.LinkValidation" time="0.236"/>
  <testcase name="menuValidation[Admin&#10;Admin.Configuration, Admin.Configuration.Localization&#10;Admin.Configuration.Modules, org.testng.TestRunner@11df6cc9](7)" classname="RegressionTest.LinkValidation" time="0.242"/>
  <testcase name="menuValidation[PIM, PIM.Configuration&#10;PIM.EmployeeList&#10;PIM.AddEmployee&#10;PIM.Reports, org.testng.TestRunner@11df6cc9](8)" classname="RegressionTest.LinkValidation" time="0.455"/>
  <testcase name="menuValidation[PIM&#10;PIM.Configuration, PIM.Configuration.OptionalFields&#10;PIM.Configuration.CustomFields&#10;PIM.Configuration.DataImport&#10;PIM.Configuration.ReportingMethods&#10;PIM.Configuration.TerminationReasons, org.testng.TestRunner@11df6cc9](9)" classname="RegressionTest.LinkValidation" time="0.034"/>
</testsuite>