<?xml version="1.0" encoding="UTF-8"?>
<testng-results skipped="0" failed="0" total="25" passed="25">
  <reporter-output>
    <line>
      <![CDATA[Links to Hover:]]>
    </line>
    <line>
      <![CDATA[Admin]]>
    </line>
    <line>
      <![CDATA[Links to validate:]]>
    </line>
    <line>
      <![CDATA[Admin.Organization
Admin.Job
Admin.Qualification
Admin.Memberships
Admin.Nationalities
Admin.Users
Admin.EmailNotifications
Admin.ProjectInfo]]>
    </line>
    <line>
      <![CDATA[Checking if all links are invisible]]>
    </line>
    <line>
      <![CDATA[.........COMPLETED]]>
    </line>
    <line>
      <![CDATA[Checking if all links are Visible]]>
    </line>
    <line>
      <![CDATA[.........COMPLETED]]>
    </line>
    <line>
      <![CDATA[Links to Hover:]]>
    </line>
    <line>
      <![CDATA[Admin
Admin.Organization]]>
    </line>
    <line>
      <![CDATA[Links to validate:]]>
    </line>
    <line>
      <![CDATA[Admin.Organization.GeneralInformation
Admin.Organization.Locations
Admin.Organization.Structure]]>
    </line>
    <line>
      <![CDATA[Checking if all links are invisible]]>
    </line>
    <line>
      <![CDATA[.........COMPLETED]]>
    </line>
    <line>
      <![CDATA[Checking if all links are Visible]]>
    </line>
    <line>
      <![CDATA[.........COMPLETED]]>
    </line>
    <line>
      <![CDATA[Links to Hover:]]>
    </line>
    <line>
      <![CDATA[Admin
Admin.Job]]>
    </line>
    <line>
      <![CDATA[Links to validate:]]>
    </line>
    <line>
      <![CDATA[Admin.Job.JobTitles
Admin.Job.PayGrades
Admin.Job.EmploymentStatus
Admin.Job.JobCategories
Admin.Job.WorkShifts]]>
    </line>
    <line>
      <![CDATA[Checking if all links are invisible]]>
    </line>
    <line>
      <![CDATA[.........COMPLETED]]>
    </line>
    <line>
      <![CDATA[Checking if all links are Visible]]>
    </line>
    <line>
      <![CDATA[.........COMPLETED]]>
    </line>
    <line>
      <![CDATA[Links to Hover:]]>
    </line>
    <line>
      <![CDATA[Admin
Admin.Qualification]]>
    </line>
    <line>
      <![CDATA[Links to validate:]]>
    </line>
    <line>
      <![CDATA[Admin.Qualification.Skills
Admin.Qualification.Education
Admin.Qualification.Licenses
Admin.Qualification.Languages]]>
    </line>
    <line>
      <![CDATA[Checking if all links are invisible]]>
    </line>
    <line>
      <![CDATA[.........COMPLETED]]>
    </line>
    <line>
      <![CDATA[Checking if all links are Visible]]>
    </line>
    <line>
      <![CDATA[.........COMPLETED]]>
    </line>
    <line>
      <![CDATA[Links to Hover:]]>
    </line>
    <line>
      <![CDATA[Admin
Admin.EmailNotifications]]>
    </line>
    <line>
      <![CDATA[Links to validate:]]>
    </line>
    <line>
      <![CDATA[Admin.EmailNotifications.Configuration
Admin.EmailNotifications.Subscribe]]>
    </line>
    <line>
      <![CDATA[Checking if all links are invisible]]>
    </line>
    <line>
      <![CDATA[.........COMPLETED]]>
    </line>
    <line>
      <![CDATA[Checking if all links are Visible]]>
    </line>
    <line>
      <![CDATA[.........COMPLETED]]>
    </line>
    <line>
      <![CDATA[Links to Hover:]]>
    </line>
    <line>
      <![CDATA[Admin
Admin.ProjectInfo]]>
    </line>
    <line>
      <![CDATA[Links to validate:]]>
    </line>
    <line>
      <![CDATA[Admin.ProjectInfo.Customers
Admin.ProjectInfo.Projects]]>
    </line>
    <line>
      <![CDATA[Checking if all links are invisible]]>
    </line>
    <line>
      <![CDATA[.........COMPLETED]]>
    </line>
    <line>
      <![CDATA[Checking if all links are Visible]]>
    </line>
    <line>
      <![CDATA[.........COMPLETED]]>
    </line>
    <line>
      <![CDATA[Links to Hover:]]>
    </line>
    <line>
      <![CDATA[Admin
Admin.Configuration]]>
    </line>
    <line>
      <![CDATA[Links to validate:]]>
    </line>
    <line>
      <![CDATA[Admin.Configuration.Localization
Admin.Configuration.Modules]]>
    </line>
    <line>
      <![CDATA[Checking if all links are invisible]]>
    </line>
    <line>
      <![CDATA[.........COMPLETED]]>
    </line>
    <line>
      <![CDATA[Checking if all links are Visible]]>
    </line>
    <line>
      <![CDATA[.........COMPLETED]]>
    </line>
    <line>
      <![CDATA[Links to Hover:]]>
    </line>
    <line>
      <![CDATA[PIM]]>
    </line>
    <line>
      <![CDATA[Links to validate:]]>
    </line>
    <line>
      <![CDATA[PIM.Configuration
PIM.EmployeeList
PIM.AddEmployee
PIM.Reports]]>
    </line>
    <line>
      <![CDATA[Checking if all links are invisible]]>
    </line>
    <line>
      <![CDATA[.........COMPLETED]]>
    </line>
    <line>
      <![CDATA[Checking if all links are Visible]]>
    </line>
    <line>
      <![CDATA[.........COMPLETED]]>
    </line>
    <line>
      <![CDATA[Links to Hover:]]>
    </line>
    <line>
      <![CDATA[PIM
PIM.Configuration]]>
    </line>
    <line>
      <![CDATA[Links to validate:]]>
    </line>
    <line>
      <![CDATA[PIM.Configuration.OptionalFields
PIM.Configuration.CustomFields
PIM.Configuration.DataImport
PIM.Configuration.ReportingMethods
PIM.Configuration.TerminationReasons]]>
    </line>
    <line>
      <![CDATA[Checking if all links are invisible]]>
    </line>
    <line>
      <![CDATA[.........COMPLETED]]>
    </line>
    <line>
      <![CDATA[Checking if all links are Visible]]>
    </line>
    <line>
      <![CDATA[.........COMPLETED]]>
    </line>
  </reporter-output>
  <suite name="Open HRM Regression Suite" duration-ms="41684" started-at="2020-08-26T16:05:08Z" finished-at="2020-08-26T16:05:50Z">
    <groups>
      <group name="HighPriority">
        <method signature="InvalidLoginTest.invalidLoginTest(java.lang.String, java.lang.String, java.lang.String, java.lang.String, org.testng.ITestContext)[pri:0, instance:RegressionTest.InvalidLoginTest@341b80b2]" name="invalidLoginTest" class="RegressionTest.InvalidLoginTest"/>
        <method signature="LinkValidation.login(java.lang.String, java.lang.String, java.lang.String, org.testng.ITestContext)[pri:0, instance:RegressionTest.LinkValidation@4de5031f]" name="login" class="RegressionTest.LinkValidation"/>
        <method signature="LinkValidation.menuValidation(java.lang.String, java.lang.String, org.testng.ITestContext)[pri:0, instance:RegressionTest.LinkValidation@4de5031f]" name="menuValidation" class="RegressionTest.LinkValidation"/>
      </group> <!-- HighPriority -->
      <group name="MediumPriority">
        <method signature="LinkValidation.login(java.lang.String, java.lang.String, java.lang.String, org.testng.ITestContext)[pri:0, instance:RegressionTest.LinkValidation@4de5031f]" name="login" class="RegressionTest.LinkValidation"/>
        <method signature="LinkValidation.menuValidation(java.lang.String, java.lang.String, org.testng.ITestContext)[pri:0, instance:RegressionTest.LinkValidation@4de5031f]" name="menuValidation" class="RegressionTest.LinkValidation"/>
      </group> <!-- MediumPriority -->
      <group name="LowPriority">
        <method signature="LinkValidation.login(java.lang.String, java.lang.String, java.lang.String, org.testng.ITestContext)[pri:0, instance:RegressionTest.LinkValidation@4de5031f]" name="login" class="RegressionTest.LinkValidation"/>
        <method signature="LinkValidation.menuValidation(java.lang.String, java.lang.String, org.testng.ITestContext)[pri:0, instance:RegressionTest.LinkValidation@4de5031f]" name="menuValidation" class="RegressionTest.LinkValidation"/>
      </group> <!-- LowPriority -->
    </groups>
    <test name="Test" duration-ms="41684" started-at="2020-08-26T16:05:08Z" finished-at="2020-08-26T16:05:50Z">
      <class name="RegressionTest.InvalidLoginTest">
        <test-method status="PASS" signature="loadBrowser()[pri:0, instance:RegressionTest.InvalidLoginTest@341b80b2]" name="loadBrowser" is-config="true" duration-ms="4976" started-at="2020-08-26T21:35:08Z" finished-at="2020-08-26T21:35:13Z">
          <reporter-output>
          </reporter-output>
        </test-method> <!-- loadBrowser -->
        <test-method status="PASS" signature="loadBrowser()[pri:0, instance:RegressionTest.LinkValidation@4de5031f]" name="loadBrowser" is-config="true" duration-ms="3518" started-at="2020-08-26T21:35:13Z" finished-at="2020-08-26T21:35:17Z">
          <reporter-output>
          </reporter-output>
        </test-method> <!-- loadBrowser -->
        <test-method status="PASS" signature="loadLoginPage(java.lang.String)[pri:0, instance:RegressionTest.InvalidLoginTest@341b80b2]" name="loadLoginPage" is-config="true" duration-ms="2682" started-at="2020-08-26T21:35:20Z" finished-at="2020-08-26T21:35:23Z">
          <params>
            <param index="0">
              <value>
                <![CDATA[https://s2.demo.opensourcecms.com/orangehrm/symfony/web/index.php/auth/login]]>
              </value>
            </param>
          </params>
          <reporter-output>
          </reporter-output>
        </test-method> <!-- loadLoginPage -->
        <test-method status="PASS" signature="invalidLoginTest(java.lang.String, java.lang.String, java.lang.String, java.lang.String, org.testng.ITestContext)[pri:0, instance:RegressionTest.InvalidLoginTest@341b80b2]" name="invalidLoginTest" duration-ms="439" started-at="2020-08-26T21:35:23Z" data-provider="TestDataRepository" finished-at="2020-08-26T21:35:23Z">
          <params>
            <param index="0">
              <value>
                <![CDATA[TC#1_AllFieldsBlank]]>
              </value>
            </param>
            <param index="1">
              <value>
                <![CDATA[]]>
              </value>
            </param>
            <param index="2">
              <value>
                <![CDATA[]]>
              </value>
            </param>
            <param index="3">
              <value>
                <![CDATA[Username cannot be empty]]>
              </value>
            </param>
            <param index="4">
              <value>
                <![CDATA[org.testng.TestRunner@11df6cc9]]>
              </value>
            </param>
          </params>
          <reporter-output>
          </reporter-output>
        </test-method> <!-- invalidLoginTest -->
        <test-method status="PASS" signature="loadLoginPage(java.lang.String)[pri:0, instance:RegressionTest.InvalidLoginTest@341b80b2]" name="loadLoginPage" is-config="true" duration-ms="597" started-at="2020-08-26T21:35:23Z" finished-at="2020-08-26T21:35:24Z">
          <params>
            <param index="0">
              <value>
                <![CDATA[https://s2.demo.opensourcecms.com/orangehrm/symfony/web/index.php/auth/login]]>
              </value>
            </param>
          </params>
          <reporter-output>
          </reporter-output>
        </test-method> <!-- loadLoginPage -->
        <test-method status="PASS" signature="invalidLoginTest(java.lang.String, java.lang.String, java.lang.String, java.lang.String, org.testng.ITestContext)[pri:0, instance:RegressionTest.InvalidLoginTest@341b80b2]" name="invalidLoginTest" duration-ms="360" started-at="2020-08-26T21:35:24Z" data-provider="TestDataRepository" finished-at="2020-08-26T21:35:24Z">
          <params>
            <param index="0">
              <value>
                <![CDATA[TC#2_UserNameBlank]]>
              </value>
            </param>
            <param index="1">
              <value>
                <![CDATA[]]>
              </value>
            </param>
            <param index="2">
              <value>
                <![CDATA[DUMMY_PASS]]>
              </value>
            </param>
            <param index="3">
              <value>
                <![CDATA[Username cannot be empty]]>
              </value>
            </param>
            <param index="4">
              <value>
                <![CDATA[org.testng.TestRunner@11df6cc9]]>
              </value>
            </param>
          </params>
          <reporter-output>
          </reporter-output>
        </test-method> <!-- invalidLoginTest -->
        <test-method status="PASS" signature="loadLoginPage(java.lang.String)[pri:0, instance:RegressionTest.InvalidLoginTest@341b80b2]" name="loadLoginPage" is-config="true" duration-ms="617" started-at="2020-08-26T21:35:24Z" finished-at="2020-08-26T21:35:25Z">
          <params>
            <param index="0">
              <value>
                <![CDATA[https://s2.demo.opensourcecms.com/orangehrm/symfony/web/index.php/auth/login]]>
              </value>
            </param>
          </params>
          <reporter-output>
          </reporter-output>
        </test-method> <!-- loadLoginPage -->
        <test-method status="PASS" signature="invalidLoginTest(java.lang.String, java.lang.String, java.lang.String, java.lang.String, org.testng.ITestContext)[pri:0, instance:RegressionTest.InvalidLoginTest@341b80b2]" name="invalidLoginTest" duration-ms="449" started-at="2020-08-26T21:35:25Z" data-provider="TestDataRepository" finished-at="2020-08-26T21:35:25Z">
          <params>
            <param index="0">
              <value>
                <![CDATA[TC#3_PasswordBlank]]>
              </value>
            </param>
            <param index="1">
              <value>
                <![CDATA[DUMMY_USERNAME]]>
              </value>
            </param>
            <param index="2">
              <value>
                <![CDATA[]]>
              </value>
            </param>
            <param index="3">
              <value>
                <![CDATA[Password cannot be empty]]>
              </value>
            </param>
            <param index="4">
              <value>
                <![CDATA[org.testng.TestRunner@11df6cc9]]>
              </value>
            </param>
          </params>
          <reporter-output>
          </reporter-output>
        </test-method> <!-- invalidLoginTest -->
        <test-method status="PASS" signature="loadLoginPage(java.lang.String)[pri:0, instance:RegressionTest.InvalidLoginTest@341b80b2]" name="loadLoginPage" is-config="true" duration-ms="577" started-at="2020-08-26T21:35:25Z" finished-at="2020-08-26T21:35:26Z">
          <params>
            <param index="0">
              <value>
                <![CDATA[https://s2.demo.opensourcecms.com/orangehrm/symfony/web/index.php/auth/login]]>
              </value>
            </param>
          </params>
          <reporter-output>
          </reporter-output>
        </test-method> <!-- loadLoginPage -->
        <test-method status="PASS" signature="invalidLoginTest(java.lang.String, java.lang.String, java.lang.String, java.lang.String, org.testng.ITestContext)[pri:0, instance:RegressionTest.InvalidLoginTest@341b80b2]" name="invalidLoginTest" duration-ms="1018" started-at="2020-08-26T21:35:26Z" data-provider="TestDataRepository" finished-at="2020-08-26T21:35:27Z">
          <params>
            <param index="0">
              <value>
                <![CDATA[TC#4_InvalidCredentials]]>
              </value>
            </param>
            <param index="1">
              <value>
                <![CDATA[DUMMY_USERNAME]]>
              </value>
            </param>
            <param index="2">
              <value>
                <![CDATA[DUMMY_PASS]]>
              </value>
            </param>
            <param index="3">
              <value>
                <![CDATA[Invalid credentials]]>
              </value>
            </param>
            <param index="4">
              <value>
                <![CDATA[org.testng.TestRunner@11df6cc9]]>
              </value>
            </param>
          </params>
          <reporter-output>
          </reporter-output>
        </test-method> <!-- invalidLoginTest -->
        <test-method status="PASS" signature="loadLoginPage(java.lang.String)[pri:0, instance:RegressionTest.InvalidLoginTest@341b80b2]" name="loadLoginPage" is-config="true" duration-ms="784" started-at="2020-08-26T21:35:27Z" finished-at="2020-08-26T21:35:28Z">
          <params>
            <param index="0">
              <value>
                <![CDATA[https://s2.demo.opensourcecms.com/orangehrm/symfony/web/index.php/auth/login]]>
              </value>
            </param>
          </params>
          <reporter-output>
          </reporter-output>
        </test-method> <!-- loadLoginPage -->
        <test-method status="PASS" signature="invalidLoginTest(java.lang.String, java.lang.String, java.lang.String, java.lang.String, org.testng.ITestContext)[pri:0, instance:RegressionTest.InvalidLoginTest@341b80b2]" name="invalidLoginTest" duration-ms="884" started-at="2020-08-26T21:35:28Z" data-provider="TestDataRepository" finished-at="2020-08-26T21:35:29Z">
          <params>
            <param index="0">
              <value>
                <![CDATA[TC#5_AdditionalInvalidCredentials]]>
              </value>
            </param>
            <param index="1">
              <value>
                <![CDATA[NISHAD]]>
              </value>
            </param>
            <param index="2">
              <value>
                <![CDATA[Invalid]]>
              </value>
            </param>
            <param index="3">
              <value>
                <![CDATA[Invalid credentials]]>
              </value>
            </param>
            <param index="4">
              <value>
                <![CDATA[org.testng.TestRunner@11df6cc9]]>
              </value>
            </param>
          </params>
          <reporter-output>
          </reporter-output>
        </test-method> <!-- invalidLoginTest -->
        <test-method status="PASS" signature="loadLoginPage(java.lang.String)[pri:0, instance:RegressionTest.InvalidLoginTest@341b80b2]" name="loadLoginPage" is-config="true" duration-ms="673" started-at="2020-08-26T21:35:29Z" finished-at="2020-08-26T21:35:29Z">
          <params>
            <param index="0">
              <value>
                <![CDATA[https://s2.demo.opensourcecms.com/orangehrm/symfony/web/index.php/auth/login]]>
              </value>
            </param>
          </params>
          <reporter-output>
          </reporter-output>
        </test-method> <!-- loadLoginPage -->
        <test-method status="PASS" signature="invalidLoginTest(java.lang.String, java.lang.String, java.lang.String, java.lang.String, org.testng.ITestContext)[pri:0, instance:RegressionTest.InvalidLoginTest@341b80b2]" name="invalidLoginTest" duration-ms="1034" started-at="2020-08-26T21:35:29Z" data-provider="TestDataRepository" finished-at="2020-08-26T21:35:30Z">
          <params>
            <param index="0">
              <value>
                <![CDATA[TC#6_AdditionalInvalidCredentials]]>
              </value>
            </param>
            <param index="1">
              <value>
                <![CDATA[Prajakta]]>
              </value>
            </param>
            <param index="2">
              <value>
                <![CDATA[Invalid]]>
              </value>
            </param>
            <param index="3">
              <value>
                <![CDATA[Invalid credentials]]>
              </value>
            </param>
            <param index="4">
              <value>
                <![CDATA[org.testng.TestRunner@11df6cc9]]>
              </value>
            </param>
          </params>
          <reporter-output>
          </reporter-output>
        </test-method> <!-- invalidLoginTest -->
        <test-method status="PASS" signature="loadLoginPage(java.lang.String)[pri:0, instance:RegressionTest.InvalidLoginTest@341b80b2]" name="loadLoginPage" is-config="true" duration-ms="1361" started-at="2020-08-26T21:35:30Z" finished-at="2020-08-26T21:35:32Z">
          <params>
            <param index="0">
              <value>
                <![CDATA[https://s2.demo.opensourcecms.com/orangehrm/symfony/web/index.php/auth/login]]>
              </value>
            </param>
          </params>
          <reporter-output>
          </reporter-output>
        </test-method> <!-- loadLoginPage -->
        <test-method status="PASS" signature="invalidLoginTest(java.lang.String, java.lang.String, java.lang.String, java.lang.String, org.testng.ITestContext)[pri:0, instance:RegressionTest.InvalidLoginTest@341b80b2]" name="invalidLoginTest" duration-ms="772" started-at="2020-08-26T21:35:32Z" data-provider="TestDataRepository" finished-at="2020-08-26T21:35:32Z">
          <params>
            <param index="0">
              <value>
                <![CDATA[TC#7_AdditionalInvalidCredentials]]>
              </value>
            </param>
            <param index="1">
              <value>
                <![CDATA[Arun]]>
              </value>
            </param>
            <param index="2">
              <value>
                <![CDATA[Invalid]]>
              </value>
            </param>
            <param index="3">
              <value>
                <![CDATA[Invalid credentials]]>
              </value>
            </param>
            <param index="4">
              <value>
                <![CDATA[org.testng.TestRunner@11df6cc9]]>
              </value>
            </param>
          </params>
          <reporter-output>
          </reporter-output>
        </test-method> <!-- invalidLoginTest -->
        <test-method status="PASS" signature="loadLoginPage(java.lang.String)[pri:0, instance:RegressionTest.InvalidLoginTest@341b80b2]" name="loadLoginPage" is-config="true" duration-ms="992" started-at="2020-08-26T21:35:32Z" finished-at="2020-08-26T21:35:33Z">
          <params>
            <param index="0">
              <value>
                <![CDATA[https://s2.demo.opensourcecms.com/orangehrm/symfony/web/index.php/auth/login]]>
              </value>
            </param>
          </params>
          <reporter-output>
          </reporter-output>
        </test-method> <!-- loadLoginPage -->
        <test-method status="PASS" signature="invalidLoginTest(java.lang.String, java.lang.String, java.lang.String, java.lang.String, org.testng.ITestContext)[pri:0, instance:RegressionTest.InvalidLoginTest@341b80b2]" name="invalidLoginTest" duration-ms="1245" started-at="2020-08-26T21:35:33Z" data-provider="TestDataRepository" finished-at="2020-08-26T21:35:35Z">
          <params>
            <param index="0">
              <value>
                <![CDATA[TC#8_AdditionalInvalidCredentials]]>
              </value>
            </param>
            <param index="1">
              <value>
                <![CDATA[Neha]]>
              </value>
            </param>
            <param index="2">
              <value>
                <![CDATA[Invalid]]>
              </value>
            </param>
            <param index="3">
              <value>
                <![CDATA[Invalid credentials]]>
              </value>
            </param>
            <param index="4">
              <value>
                <![CDATA[org.testng.TestRunner@11df6cc9]]>
              </value>
            </param>
          </params>
          <reporter-output>
          </reporter-output>
        </test-method> <!-- invalidLoginTest -->
        <test-method status="PASS" signature="loadLoginPage(java.lang.String)[pri:0, instance:RegressionTest.InvalidLoginTest@341b80b2]" name="loadLoginPage" is-config="true" duration-ms="511" started-at="2020-08-26T21:35:35Z" finished-at="2020-08-26T21:35:35Z">
          <params>
            <param index="0">
              <value>
                <![CDATA[https://s2.demo.opensourcecms.com/orangehrm/symfony/web/index.php/auth/login]]>
              </value>
            </param>
          </params>
          <reporter-output>
          </reporter-output>
        </test-method> <!-- loadLoginPage -->
        <test-method status="PASS" signature="invalidLoginTest(java.lang.String, java.lang.String, java.lang.String, java.lang.String, org.testng.ITestContext)[pri:0, instance:RegressionTest.InvalidLoginTest@341b80b2]" name="invalidLoginTest" duration-ms="842" started-at="2020-08-26T21:35:35Z" data-provider="TestDataRepository" finished-at="2020-08-26T21:35:36Z">
          <params>
            <param index="0">
              <value>
                <![CDATA[TC#9_AdditionalInvalidCredentials]]>
              </value>
            </param>
            <param index="1">
              <value>
                <![CDATA[Malhar]]>
              </value>
            </param>
            <param index="2">
              <value>
                <![CDATA[Invalid]]>
              </value>
            </param>
            <param index="3">
              <value>
                <![CDATA[Invalid credentials]]>
              </value>
            </param>
            <param index="4">
              <value>
                <![CDATA[org.testng.TestRunner@11df6cc9]]>
              </value>
            </param>
          </params>
          <reporter-output>
          </reporter-output>
        </test-method> <!-- invalidLoginTest -->
        <test-method status="PASS" signature="loadLoginPage(java.lang.String)[pri:0, instance:RegressionTest.InvalidLoginTest@341b80b2]" name="loadLoginPage" is-config="true" duration-ms="643" started-at="2020-08-26T21:35:36Z" finished-at="2020-08-26T21:35:37Z">
          <params>
            <param index="0">
              <value>
                <![CDATA[https://s2.demo.opensourcecms.com/orangehrm/symfony/web/index.php/auth/login]]>
              </value>
            </param>
          </params>
          <reporter-output>
          </reporter-output>
        </test-method> <!-- loadLoginPage -->
        <test-method status="PASS" signature="invalidLoginTest(java.lang.String, java.lang.String, java.lang.String, java.lang.String, org.testng.ITestContext)[pri:0, instance:RegressionTest.InvalidLoginTest@341b80b2]" name="invalidLoginTest" duration-ms="1355" started-at="2020-08-26T21:35:37Z" data-provider="TestDataRepository" finished-at="2020-08-26T21:35:38Z">
          <params>
            <param index="0">
              <value>
                <![CDATA[TC#10_AdditionalInvalidCredentials]]>
              </value>
            </param>
            <param index="1">
              <value>
                <![CDATA[Ira]]>
              </value>
            </param>
            <param index="2">
              <value>
                <![CDATA[Invalid]]>
              </value>
            </param>
            <param index="3">
              <value>
                <![CDATA[Invalid credentials]]>
              </value>
            </param>
            <param index="4">
              <value>
                <![CDATA[org.testng.TestRunner@11df6cc9]]>
              </value>
            </param>
          </params>
          <reporter-output>
          </reporter-output>
        </test-method> <!-- invalidLoginTest -->
        <test-method status="PASS" signature="loadLoginPage(java.lang.String)[pri:0, instance:RegressionTest.InvalidLoginTest@341b80b2]" name="loadLoginPage" is-config="true" duration-ms="639" started-at="2020-08-26T21:35:38Z" finished-at="2020-08-26T21:35:39Z">
          <params>
            <param index="0">
              <value>
                <![CDATA[https://s2.demo.opensourcecms.com/orangehrm/symfony/web/index.php/auth/login]]>
              </value>
            </param>
          </params>
          <reporter-output>
          </reporter-output>
        </test-method> <!-- loadLoginPage -->
        <test-method status="PASS" signature="invalidLoginTest(java.lang.String, java.lang.String, java.lang.String, java.lang.String, org.testng.ITestContext)[pri:0, instance:RegressionTest.InvalidLoginTest@341b80b2]" name="invalidLoginTest" duration-ms="1010" started-at="2020-08-26T21:35:39Z" data-provider="TestDataRepository" finished-at="2020-08-26T21:35:40Z">
          <params>
            <param index="0">
              <value>
                <![CDATA[TC#11_AdditionalBlanks]]>
              </value>
            </param>
            <param index="1">
              <value>
                <![CDATA[ ]]>
              </value>
            </param>
            <param index="2">
              <value>
                <![CDATA[ ]]>
              </value>
            </param>
            <param index="3">
              <value>
                <![CDATA[Invalid credentials]]>
              </value>
            </param>
            <param index="4">
              <value>
                <![CDATA[org.testng.TestRunner@11df6cc9]]>
              </value>
            </param>
          </params>
          <reporter-output>
          </reporter-output>
        </test-method> <!-- invalidLoginTest -->
        <test-method status="PASS" signature="loadLoginPage(java.lang.String)[pri:0, instance:RegressionTest.InvalidLoginTest@341b80b2]" name="loadLoginPage" is-config="true" duration-ms="634" started-at="2020-08-26T21:35:40Z" finished-at="2020-08-26T21:35:40Z">
          <params>
            <param index="0">
              <value>
                <![CDATA[https://s2.demo.opensourcecms.com/orangehrm/symfony/web/index.php/auth/login]]>
              </value>
            </param>
          </params>
          <reporter-output>
          </reporter-output>
        </test-method> <!-- loadLoginPage -->
        <test-method status="PASS" signature="invalidLoginTest(java.lang.String, java.lang.String, java.lang.String, java.lang.String, org.testng.ITestContext)[pri:0, instance:RegressionTest.InvalidLoginTest@341b80b2]" name="invalidLoginTest" duration-ms="784" started-at="2020-08-26T21:35:40Z" data-provider="TestDataRepository" finished-at="2020-08-26T21:35:41Z">
          <params>
            <param index="0">
              <value>
                <![CDATA[TC#12_AdditionalBlanks]]>
              </value>
            </param>
            <param index="1">
              <value>
                <![CDATA[  ]]>
              </value>
            </param>
            <param index="2">
              <value>
                <![CDATA[ ]]>
              </value>
            </param>
            <param index="3">
              <value>
                <![CDATA[Invalid credentials]]>
              </value>
            </param>
            <param index="4">
              <value>
                <![CDATA[org.testng.TestRunner@11df6cc9]]>
              </value>
            </param>
          </params>
          <reporter-output>
          </reporter-output>
        </test-method> <!-- invalidLoginTest -->
        <test-method status="PASS" signature="loadLoginPage(java.lang.String)[pri:0, instance:RegressionTest.InvalidLoginTest@341b80b2]" name="loadLoginPage" is-config="true" duration-ms="1335" started-at="2020-08-26T21:35:41Z" finished-at="2020-08-26T21:35:42Z">
          <params>
            <param index="0">
              <value>
                <![CDATA[https://s2.demo.opensourcecms.com/orangehrm/symfony/web/index.php/auth/login]]>
              </value>
            </param>
          </params>
          <reporter-output>
          </reporter-output>
        </test-method> <!-- loadLoginPage -->
        <test-method status="PASS" signature="invalidLoginTest(java.lang.String, java.lang.String, java.lang.String, java.lang.String, org.testng.ITestContext)[pri:0, instance:RegressionTest.InvalidLoginTest@341b80b2]" name="invalidLoginTest" duration-ms="724" started-at="2020-08-26T21:35:42Z" data-provider="TestDataRepository" finished-at="2020-08-26T21:35:43Z">
          <params>
            <param index="0">
              <value>
                <![CDATA[TC#13_AdditionalBlanks]]>
              </value>
            </param>
            <param index="1">
              <value>
                <![CDATA[ ]]>
              </value>
            </param>
            <param index="2">
              <value>
                <![CDATA[  ]]>
              </value>
            </param>
            <param index="3">
              <value>
                <![CDATA[Invalid credentials]]>
              </value>
            </param>
            <param index="4">
              <value>
                <![CDATA[org.testng.TestRunner@11df6cc9]]>
              </value>
            </param>
          </params>
          <reporter-output>
          </reporter-output>
        </test-method> <!-- invalidLoginTest -->
        <test-method status="PASS" signature="loadLoginPage(java.lang.String)[pri:0, instance:RegressionTest.InvalidLoginTest@341b80b2]" name="loadLoginPage" is-config="true" duration-ms="905" started-at="2020-08-26T21:35:43Z" finished-at="2020-08-26T21:35:44Z">
          <params>
            <param index="0">
              <value>
                <![CDATA[https://s2.demo.opensourcecms.com/orangehrm/symfony/web/index.php/auth/login]]>
              </value>
            </param>
          </params>
          <reporter-output>
          </reporter-output>
        </test-method> <!-- loadLoginPage -->
        <test-method status="PASS" signature="invalidLoginTest(java.lang.String, java.lang.String, java.lang.String, java.lang.String, org.testng.ITestContext)[pri:0, instance:RegressionTest.InvalidLoginTest@341b80b2]" name="invalidLoginTest" duration-ms="740" started-at="2020-08-26T21:35:44Z" data-provider="TestDataRepository" finished-at="2020-08-26T21:35:45Z">
          <params>
            <param index="0">
              <value>
                <![CDATA[TC#14_AdditionalBlanks]]>
              </value>
            </param>
            <param index="1">
              <value>
                <![CDATA[   ]]>
              </value>
            </param>
            <param index="2">
              <value>
                <![CDATA[  ]]>
              </value>
            </param>
            <param index="3">
              <value>
                <![CDATA[Invalid credentials]]>
              </value>
            </param>
            <param index="4">
              <value>
                <![CDATA[org.testng.TestRunner@11df6cc9]]>
              </value>
            </param>
          </params>
          <reporter-output>
          </reporter-output>
        </test-method> <!-- invalidLoginTest -->
        <test-method status="PASS" signature="loadLoginPage(java.lang.String)[pri:0, instance:RegressionTest.InvalidLoginTest@341b80b2]" name="loadLoginPage" is-config="true" duration-ms="995" started-at="2020-08-26T21:35:45Z" finished-at="2020-08-26T21:35:46Z">
          <params>
            <param index="0">
              <value>
                <![CDATA[https://s2.demo.opensourcecms.com/orangehrm/symfony/web/index.php/auth/login]]>
              </value>
            </param>
          </params>
          <reporter-output>
          </reporter-output>
        </test-method> <!-- loadLoginPage -->
        <test-method status="PASS" signature="invalidLoginTest(java.lang.String, java.lang.String, java.lang.String, java.lang.String, org.testng.ITestContext)[pri:0, instance:RegressionTest.InvalidLoginTest@341b80b2]" name="invalidLoginTest" duration-ms="858" started-at="2020-08-26T21:35:46Z" data-provider="TestDataRepository" finished-at="2020-08-26T21:35:47Z">
          <params>
            <param index="0">
              <value>
                <![CDATA[TC#15_AdditionalBlanks]]>
              </value>
            </param>
            <param index="1">
              <value>
                <![CDATA[  ]]>
              </value>
            </param>
            <param index="2">
              <value>
                <![CDATA[    ]]>
              </value>
            </param>
            <param index="3">
              <value>
                <![CDATA[Invalid credentials]]>
              </value>
            </param>
            <param index="4">
              <value>
                <![CDATA[org.testng.TestRunner@11df6cc9]]>
              </value>
            </param>
          </params>
          <reporter-output>
          </reporter-output>
        </test-method> <!-- invalidLoginTest -->
        <test-method status="PASS" signature="closeBrowser()[pri:0, instance:RegressionTest.InvalidLoginTest@341b80b2]" name="closeBrowser" is-config="true" duration-ms="125" started-at="2020-08-26T21:35:47Z" finished-at="2020-08-26T21:35:47Z">
          <reporter-output>
          </reporter-output>
        </test-method> <!-- closeBrowser -->
        <test-method status="PASS" signature="logoutAndCloseBrowser()[pri:0, instance:RegressionTest.LinkValidation@4de5031f]" name="logoutAndCloseBrowser" is-config="true" duration-ms="3387" started-at="2020-08-26T21:35:47Z" finished-at="2020-08-26T21:35:50Z">
          <reporter-output>
          </reporter-output>
        </test-method> <!-- logoutAndCloseBrowser -->
      </class> <!-- RegressionTest.InvalidLoginTest -->
      <class name="RegressionTest.LinkValidation">
        <test-method status="PASS" signature="login(java.lang.String, java.lang.String, java.lang.String, org.testng.ITestContext)[pri:0, instance:RegressionTest.LinkValidation@4de5031f]" name="login" duration-ms="6751" started-at="2020-08-26T21:35:17Z" finished-at="2020-08-26T21:35:24Z">
          <params>
            <param index="0">
              <value>
                <![CDATA[https://s2.demo.opensourcecms.com/orangehrm/symfony/web/index.php/auth/login]]>
              </value>
            </param>
            <param index="1">
              <value>
                <![CDATA[opensourcecms]]>
              </value>
            </param>
            <param index="2">
              <value>
                <![CDATA[opensourcecms]]>
              </value>
            </param>
            <param index="3">
              <value>
                <![CDATA[org.testng.TestRunner@11df6cc9]]>
              </value>
            </param>
          </params>
          <reporter-output>
          </reporter-output>
        </test-method> <!-- login -->
        <test-method status="PASS" signature="menuValidation(java.lang.String, java.lang.String, org.testng.ITestContext)[pri:0, instance:RegressionTest.LinkValidation@4de5031f]" name="menuValidation" duration-ms="718" started-at="2020-08-26T21:35:24Z" data-provider="TestDataRepository" depends-on-methods="RegressionTest.LinkValidation.login" finished-at="2020-08-26T21:35:25Z">
          <params>
            <param index="0">
              <value>
                <![CDATA[Admin]]>
              </value>
            </param>
            <param index="1">
              <value>
                <![CDATA[Admin.Organization
Admin.Job
Admin.Qualification
Admin.Memberships
Admin.Nationalities
Admin.Users
Admin.EmailNotifications
Admin.ProjectInfo]]>
              </value>
            </param>
            <param index="2">
              <value>
                <![CDATA[org.testng.TestRunner@11df6cc9]]>
              </value>
            </param>
          </params>
          <reporter-output>
            <line>
              <![CDATA[Links to Hover:]]>
            </line>
            <line>
              <![CDATA[Admin]]>
            </line>
            <line>
              <![CDATA[Links to validate:]]>
            </line>
            <line>
              <![CDATA[Admin.Organization
Admin.Job
Admin.Qualification
Admin.Memberships
Admin.Nationalities
Admin.Users
Admin.EmailNotifications
Admin.ProjectInfo]]>
            </line>
            <line>
              <![CDATA[Checking if all links are invisible]]>
            </line>
            <line>
              <![CDATA[.........COMPLETED]]>
            </line>
            <line>
              <![CDATA[Checking if all links are Visible]]>
            </line>
            <line>
              <![CDATA[.........COMPLETED]]>
            </line>
          </reporter-output>
        </test-method> <!-- menuValidation -->
        <test-method status="PASS" signature="menuValidation(java.lang.String, java.lang.String, org.testng.ITestContext)[pri:0, instance:RegressionTest.LinkValidation@4de5031f]" name="menuValidation" duration-ms="326" started-at="2020-08-26T21:35:25Z" data-provider="TestDataRepository" depends-on-methods="RegressionTest.LinkValidation.login" finished-at="2020-08-26T21:35:25Z">
          <params>
            <param index="0">
              <value>
                <![CDATA[Admin
Admin.Organization]]>
              </value>
            </param>
            <param index="1">
              <value>
                <![CDATA[Admin.Organization.GeneralInformation
Admin.Organization.Locations
Admin.Organization.Structure]]>
              </value>
            </param>
            <param index="2">
              <value>
                <![CDATA[org.testng.TestRunner@11df6cc9]]>
              </value>
            </param>
          </params>
          <reporter-output>
            <line>
              <![CDATA[Links to Hover:]]>
            </line>
            <line>
              <![CDATA[Admin
Admin.Organization]]>
            </line>
            <line>
              <![CDATA[Links to validate:]]>
            </line>
            <line>
              <![CDATA[Admin.Organization.GeneralInformation
Admin.Organization.Locations
Admin.Organization.Structure]]>
            </line>
            <line>
              <![CDATA[Checking if all links are invisible]]>
            </line>
            <line>
              <![CDATA[.........COMPLETED]]>
            </line>
            <line>
              <![CDATA[Checking if all links are Visible]]>
            </line>
            <line>
              <![CDATA[.........COMPLETED]]>
            </line>
          </reporter-output>
        </test-method> <!-- menuValidation -->
        <test-method status="PASS" signature="menuValidation(java.lang.String, java.lang.String, org.testng.ITestContext)[pri:0, instance:RegressionTest.LinkValidation@4de5031f]" name="menuValidation" duration-ms="511" started-at="2020-08-26T21:35:25Z" data-provider="TestDataRepository" depends-on-methods="RegressionTest.LinkValidation.login" finished-at="2020-08-26T21:35:25Z">
          <params>
            <param index="0">
              <value>
                <![CDATA[Admin
Admin.Job]]>
              </value>
            </param>
            <param index="1">
              <value>
                <![CDATA[Admin.Job.JobTitles
Admin.Job.PayGrades
Admin.Job.EmploymentStatus
Admin.Job.JobCategories
Admin.Job.WorkShifts]]>
              </value>
            </param>
            <param index="2">
              <value>
                <![CDATA[org.testng.TestRunner@11df6cc9]]>
              </value>
            </param>
          </params>
          <reporter-output>
            <line>
              <![CDATA[Links to Hover:]]>
            </line>
            <line>
              <![CDATA[Admin
Admin.Job]]>
            </line>
            <line>
              <![CDATA[Links to validate:]]>
            </line>
            <line>
              <![CDATA[Admin.Job.JobTitles
Admin.Job.PayGrades
Admin.Job.EmploymentStatus
Admin.Job.JobCategories
Admin.Job.WorkShifts]]>
            </line>
            <line>
              <![CDATA[Checking if all links are invisible]]>
            </line>
            <line>
              <![CDATA[.........COMPLETED]]>
            </line>
            <line>
              <![CDATA[Checking if all links are Visible]]>
            </line>
            <line>
              <![CDATA[.........COMPLETED]]>
            </line>
          </reporter-output>
        </test-method> <!-- menuValidation -->
        <test-method status="PASS" signature="menuValidation(java.lang.String, java.lang.String, org.testng.ITestContext)[pri:0, instance:RegressionTest.LinkValidation@4de5031f]" name="menuValidation" duration-ms="447" started-at="2020-08-26T21:35:25Z" data-provider="TestDataRepository" depends-on-methods="RegressionTest.LinkValidation.login" finished-at="2020-08-26T21:35:26Z">
          <params>
            <param index="0">
              <value>
                <![CDATA[Admin
Admin.Qualification]]>
              </value>
            </param>
            <param index="1">
              <value>
                <![CDATA[Admin.Qualification.Skills
Admin.Qualification.Education
Admin.Qualification.Licenses
Admin.Qualification.Languages]]>
              </value>
            </param>
            <param index="2">
              <value>
                <![CDATA[org.testng.TestRunner@11df6cc9]]>
              </value>
            </param>
          </params>
          <reporter-output>
            <line>
              <![CDATA[Links to Hover:]]>
            </line>
            <line>
              <![CDATA[Admin
Admin.Qualification]]>
            </line>
            <line>
              <![CDATA[Links to validate:]]>
            </line>
            <line>
              <![CDATA[Admin.Qualification.Skills
Admin.Qualification.Education
Admin.Qualification.Licenses
Admin.Qualification.Languages]]>
            </line>
            <line>
              <![CDATA[Checking if all links are invisible]]>
            </line>
            <line>
              <![CDATA[.........COMPLETED]]>
            </line>
            <line>
              <![CDATA[Checking if all links are Visible]]>
            </line>
            <line>
              <![CDATA[.........COMPLETED]]>
            </line>
          </reporter-output>
        </test-method> <!-- menuValidation -->
        <test-method status="PASS" signature="menuValidation(java.lang.String, java.lang.String, org.testng.ITestContext)[pri:0, instance:RegressionTest.LinkValidation@4de5031f]" name="menuValidation" duration-ms="331" started-at="2020-08-26T21:35:26Z" data-provider="TestDataRepository" depends-on-methods="RegressionTest.LinkValidation.login" finished-at="2020-08-26T21:35:26Z">
          <params>
            <param index="0">
              <value>
                <![CDATA[Admin
Admin.EmailNotifications]]>
              </value>
            </param>
            <param index="1">
              <value>
                <![CDATA[Admin.EmailNotifications.Configuration
Admin.EmailNotifications.Subscribe]]>
              </value>
            </param>
            <param index="2">
              <value>
                <![CDATA[org.testng.TestRunner@11df6cc9]]>
              </value>
            </param>
          </params>
          <reporter-output>
            <line>
              <![CDATA[Links to Hover:]]>
            </line>
            <line>
              <![CDATA[Admin
Admin.EmailNotifications]]>
            </line>
            <line>
              <![CDATA[Links to validate:]]>
            </line>
            <line>
              <![CDATA[Admin.EmailNotifications.Configuration
Admin.EmailNotifications.Subscribe]]>
            </line>
            <line>
              <![CDATA[Checking if all links are invisible]]>
            </line>
            <line>
              <![CDATA[.........COMPLETED]]>
            </line>
            <line>
              <![CDATA[Checking if all links are Visible]]>
            </line>
            <line>
              <![CDATA[.........COMPLETED]]>
            </line>
          </reporter-output>
        </test-method> <!-- menuValidation -->
        <test-method status="PASS" signature="menuValidation(java.lang.String, java.lang.String, org.testng.ITestContext)[pri:0, instance:RegressionTest.LinkValidation@4de5031f]" name="menuValidation" duration-ms="236" started-at="2020-08-26T21:35:26Z" data-provider="TestDataRepository" depends-on-methods="RegressionTest.LinkValidation.login" finished-at="2020-08-26T21:35:26Z">
          <params>
            <param index="0">
              <value>
                <![CDATA[Admin
Admin.ProjectInfo]]>
              </value>
            </param>
            <param index="1">
              <value>
                <![CDATA[Admin.ProjectInfo.Customers
Admin.ProjectInfo.Projects]]>
              </value>
            </param>
            <param index="2">
              <value>
                <![CDATA[org.testng.TestRunner@11df6cc9]]>
              </value>
            </param>
          </params>
          <reporter-output>
            <line>
              <![CDATA[Links to Hover:]]>
            </line>
            <line>
              <![CDATA[Admin
Admin.ProjectInfo]]>
            </line>
            <line>
              <![CDATA[Links to validate:]]>
            </line>
            <line>
              <![CDATA[Admin.ProjectInfo.Customers
Admin.ProjectInfo.Projects]]>
            </line>
            <line>
              <![CDATA[Checking if all links are invisible]]>
            </line>
            <line>
              <![CDATA[.........COMPLETED]]>
            </line>
            <line>
              <![CDATA[Checking if all links are Visible]]>
            </line>
            <line>
              <![CDATA[.........COMPLETED]]>
            </line>
          </reporter-output>
        </test-method> <!-- menuValidation -->
        <test-method status="PASS" signature="menuValidation(java.lang.String, java.lang.String, org.testng.ITestContext)[pri:0, instance:RegressionTest.LinkValidation@4de5031f]" name="menuValidation" duration-ms="242" started-at="2020-08-26T21:35:26Z" data-provider="TestDataRepository" depends-on-methods="RegressionTest.LinkValidation.login" finished-at="2020-08-26T21:35:27Z">
          <params>
            <param index="0">
              <value>
                <![CDATA[Admin
Admin.Configuration]]>
              </value>
            </param>
            <param index="1">
              <value>
                <![CDATA[Admin.Configuration.Localization
Admin.Configuration.Modules]]>
              </value>
            </param>
            <param index="2">
              <value>
                <![CDATA[org.testng.TestRunner@11df6cc9]]>
              </value>
            </param>
          </params>
          <reporter-output>
            <line>
              <![CDATA[Links to Hover:]]>
            </line>
            <line>
              <![CDATA[Admin
Admin.Configuration]]>
            </line>
            <line>
              <![CDATA[Links to validate:]]>
            </line>
            <line>
              <![CDATA[Admin.Configuration.Localization
Admin.Configuration.Modules]]>
            </line>
            <line>
              <![CDATA[Checking if all links are invisible]]>
            </line>
            <line>
              <![CDATA[.........COMPLETED]]>
            </line>
            <line>
              <![CDATA[Checking if all links are Visible]]>
            </line>
            <line>
              <![CDATA[.........COMPLETED]]>
            </line>
          </reporter-output>
        </test-method> <!-- menuValidation -->
        <test-method status="PASS" signature="menuValidation(java.lang.String, java.lang.String, org.testng.ITestContext)[pri:0, instance:RegressionTest.LinkValidation@4de5031f]" name="menuValidation" duration-ms="454" started-at="2020-08-26T21:35:27Z" data-provider="TestDataRepository" depends-on-methods="RegressionTest.LinkValidation.login" finished-at="2020-08-26T21:35:27Z">
          <params>
            <param index="0">
              <value>
                <![CDATA[PIM]]>
              </value>
            </param>
            <param index="1">
              <value>
                <![CDATA[PIM.Configuration
PIM.EmployeeList
PIM.AddEmployee
PIM.Reports]]>
              </value>
            </param>
            <param index="2">
              <value>
                <![CDATA[org.testng.TestRunner@11df6cc9]]>
              </value>
            </param>
          </params>
          <reporter-output>
            <line>
              <![CDATA[Links to Hover:]]>
            </line>
            <line>
              <![CDATA[PIM]]>
            </line>
            <line>
              <![CDATA[Links to validate:]]>
            </line>
            <line>
              <![CDATA[PIM.Configuration
PIM.EmployeeList
PIM.AddEmployee
PIM.Reports]]>
            </line>
            <line>
              <![CDATA[Checking if all links are invisible]]>
            </line>
            <line>
              <![CDATA[.........COMPLETED]]>
            </line>
            <line>
              <![CDATA[Checking if all links are Visible]]>
            </line>
            <line>
              <![CDATA[.........COMPLETED]]>
            </line>
          </reporter-output>
        </test-method> <!-- menuValidation -->
        <test-method status="PASS" signature="menuValidation(java.lang.String, java.lang.String, org.testng.ITestContext)[pri:0, instance:RegressionTest.LinkValidation@4de5031f]" name="menuValidation" duration-ms="603" started-at="2020-08-26T21:35:27Z" data-provider="TestDataRepository" depends-on-methods="RegressionTest.LinkValidation.login" finished-at="2020-08-26T21:35:28Z">
          <params>
            <param index="0">
              <value>
                <![CDATA[PIM
PIM.Configuration]]>
              </value>
            </param>
            <param index="1">
              <value>
                <![CDATA[PIM.Configuration.OptionalFields
PIM.Configuration.CustomFields
PIM.Configuration.DataImport
PIM.Configuration.ReportingMethods
PIM.Configuration.TerminationReasons]]>
              </value>
            </param>
            <param index="2">
              <value>
                <![CDATA[org.testng.TestRunner@11df6cc9]]>
              </value>
            </param>
          </params>
          <reporter-output>
            <line>
              <![CDATA[Links to Hover:]]>
            </line>
            <line>
              <![CDATA[PIM
PIM.Configuration]]>
            </line>
            <line>
              <![CDATA[Links to validate:]]>
            </line>
            <line>
              <![CDATA[PIM.Configuration.OptionalFields
PIM.Configuration.CustomFields
PIM.Configuration.DataImport
PIM.Configuration.ReportingMethods
PIM.Configuration.TerminationReasons]]>
            </line>
            <line>
              <![CDATA[Checking if all links are invisible]]>
            </line>
            <line>
              <![CDATA[.........COMPLETED]]>
            </line>
            <line>
              <![CDATA[Checking if all links are Visible]]>
            </line>
            <line>
              <![CDATA[.........COMPLETED]]>
            </line>
          </reporter-output>
        </test-method> <!-- menuValidation -->
      </class> <!-- RegressionTest.LinkValidation -->
    </test> <!-- Test -->
  </suite> <!-- Open HRM Regression Suite -->
</testng-results>
