<?xml version="1.0" encoding="UTF-8"?>
<!-- Generated by org.testng.reporters.JUnitXMLReporter -->
<testsuite hostname="DESKTOP-9E5A4CC" name="Test" tests="25" failures="0" timestamp="26 Aug 2020 16:05:50 GMT" time="41.684" errors="0">
  <testcase name="invalidLoginTest" time="0.439" classname="RegressionTest.InvalidLoginTest"/>
  <testcase name="login" time="6.751" classname="RegressionTest.LinkValidation"/>
  <testcase name="invalidLoginTest" time="0.36" classname="RegressionTest.InvalidLoginTest"/>
  <testcase name="menuValidation" time="0.718" classname="RegressionTest.LinkValidation"/>
  <testcase name="menuValidation" time="0.326" classname="RegressionTest.LinkValidation"/>
  <testcase name="invalidLoginTest" time="0.449" classname="RegressionTest.InvalidLoginTest"/>
  <testcase name="menuValidation" time="0.511" classname="RegressionTest.LinkValidation"/>
  <testcase name="menuValidation" time="0.447" classname="RegressionTest.LinkValidation"/>
  <testcase name="menuValidation" time="0.331" classname="RegressionTest.LinkValidation"/>
  <testcase name="menuValidation" time="0.236" classname="RegressionTest.LinkValidation"/>
  <testcase name="menuValidation" time="0.242" classname="RegressionTest.LinkValidation"/>
  <testcase name="invalidLoginTest" time="1.018" classname="RegressionTest.InvalidLoginTest"/>
  <testcase name="menuValidation" time="0.454" classname="RegressionTest.LinkValidation"/>
  <testcase name="menuValidation" time="0.603" classname="RegressionTest.LinkValidation"/>
  <testcase name="invalidLoginTest" time="0.884" classname="RegressionTest.InvalidLoginTest"/>
  <testcase name="invalidLoginTest" time="1.034" classname="RegressionTest.InvalidLoginTest"/>
  <testcase name="invalidLoginTest" time="0.772" classname="RegressionTest.InvalidLoginTest"/>
  <testcase name="invalidLoginTest" time="1.245" classname="RegressionTest.InvalidLoginTest"/>
  <testcase name="invalidLoginTest" time="0.842" classname="RegressionTest.InvalidLoginTest"/>
  <testcase name="invalidLoginTest" time="1.355" classname="RegressionTest.InvalidLoginTest"/>
  <testcase name="invalidLoginTest" time="1.01" classname="RegressionTest.InvalidLoginTest"/>
  <testcase name="invalidLoginTest" time="0.784" classname="RegressionTest.InvalidLoginTest"/>
  <testcase name="invalidLoginTest" time="0.724" classname="RegressionTest.InvalidLoginTest"/>
  <testcase name="invalidLoginTest" time="0.74" classname="RegressionTest.InvalidLoginTest"/>
  <testcase name="invalidLoginTest" time="0.858" classname="RegressionTest.InvalidLoginTest"/>
</testsuite> <!-- Test -->
