<?xml version="1.0" encoding="UTF-8"?>
<testng-results skipped="0" failed="0" total="25" passed="25">
  <reporter-output>
    <line>
      <![CDATA[Links to Hover:]]>
    </line>
    <line>
      <![CDATA[Admin]]>
    </line>
    <line>
      <![CDATA[Links to validate:]]>
    </line>
    <line>
      <![CDATA[Admin.Organization
Admin.Job
Admin.Qualification
Admin.Memberships
Admin.Nationalities
Admin.Users
Admin.EmailNotifications
Admin.ProjectInfo]]>
    </line>
    <line>
      <![CDATA[Checking if all links are invisible]]>
    </line>
    <line>
      <![CDATA[.........COMPLETED]]>
    </line>
    <line>
      <![CDATA[Checking if all links are Visible]]>
    </line>
    <line>
      <![CDATA[.........COMPLETED]]>
    </line>
    <line>
      <![CDATA[Links to Hover:]]>
    </line>
    <line>
      <![CDATA[Admin
Admin.Organization]]>
    </line>
    <line>
      <![CDATA[Links to validate:]]>
    </line>
    <line>
      <![CDATA[Admin.Organization.GeneralInformation
Admin.Organization.Locations
Admin.Organization.Structure]]>
    </line>
    <line>
      <![CDATA[Checking if all links are invisible]]>
    </line>
    <line>
      <![CDATA[.........COMPLETED]]>
    </line>
    <line>
      <![CDATA[Checking if all links are Visible]]>
    </line>
    <line>
      <![CDATA[.........COMPLETED]]>
    </line>
    <line>
      <![CDATA[Links to Hover:]]>
    </line>
    <line>
      <![CDATA[Admin
Admin.Job]]>
    </line>
    <line>
      <![CDATA[Links to validate:]]>
    </line>
    <line>
      <![CDATA[Admin.Job.JobTitles
Admin.Job.PayGrades
Admin.Job.EmploymentStatus
Admin.Job.JobCategories
Admin.Job.WorkShifts]]>
    </line>
    <line>
      <![CDATA[Checking if all links are invisible]]>
    </line>
    <line>
      <![CDATA[.........COMPLETED]]>
    </line>
    <line>
      <![CDATA[Checking if all links are Visible]]>
    </line>
    <line>
      <![CDATA[.........COMPLETED]]>
    </line>
    <line>
      <![CDATA[Links to Hover:]]>
    </line>
    <line>
      <![CDATA[Admin
Admin.Qualification]]>
    </line>
    <line>
      <![CDATA[Links to validate:]]>
    </line>
    <line>
      <![CDATA[Admin.Qualification.Skills
Admin.Qualification.Education
Admin.Qualification.Licenses
Admin.Qualification.Languages]]>
    </line>
    <line>
      <![CDATA[Checking if all links are invisible]]>
    </line>
    <line>
      <![CDATA[.........COMPLETED]]>
    </line>
    <line>
      <![CDATA[Checking if all links are Visible]]>
    </line>
    <line>
      <![CDATA[.........COMPLETED]]>
    </line>
    <line>
      <![CDATA[Links to Hover:]]>
    </line>
    <line>
      <![CDATA[Admin
Admin.EmailNotifications]]>
    </line>
    <line>
      <![CDATA[Links to validate:]]>
    </line>
    <line>
      <![CDATA[Admin.EmailNotifications.Configuration
Admin.EmailNotifications.Subscribe]]>
    </line>
    <line>
      <![CDATA[Checking if all links are invisible]]>
    </line>
    <line>
      <![CDATA[.........COMPLETED]]>
    </line>
    <line>
      <![CDATA[Checking if all links are Visible]]>
    </line>
    <line>
      <![CDATA[.........COMPLETED]]>
    </line>
    <line>
      <![CDATA[Links to Hover:]]>
    </line>
    <line>
      <![CDATA[Admin
Admin.ProjectInfo]]>
    </line>
    <line>
      <![CDATA[Links to validate:]]>
    </line>
    <line>
      <![CDATA[Admin.ProjectInfo.Customers
Admin.ProjectInfo.Projects]]>
    </line>
    <line>
      <![CDATA[Checking if all links are invisible]]>
    </line>
    <line>
      <![CDATA[.........COMPLETED]]>
    </line>
    <line>
      <![CDATA[Checking if all links are Visible]]>
    </line>
    <line>
      <![CDATA[.........COMPLETED]]>
    </line>
    <line>
      <![CDATA[Links to Hover:]]>
    </line>
    <line>
      <![CDATA[Admin
Admin.Configuration]]>
    </line>
    <line>
      <![CDATA[Links to validate:]]>
    </line>
    <line>
      <![CDATA[Admin.Configuration.Localization
Admin.Configuration.Modules]]>
    </line>
    <line>
      <![CDATA[Checking if all links are invisible]]>
    </line>
    <line>
      <![CDATA[.........COMPLETED]]>
    </line>
    <line>
      <![CDATA[Checking if all links are Visible]]>
    </line>
    <line>
      <![CDATA[.........COMPLETED]]>
    </line>
    <line>
      <![CDATA[Links to Hover:]]>
    </line>
    <line>
      <![CDATA[PIM]]>
    </line>
    <line>
      <![CDATA[Links to validate:]]>
    </line>
    <line>
      <![CDATA[PIM.Configuration
PIM.EmployeeList
PIM.AddEmployee
PIM.Reports]]>
    </line>
    <line>
      <![CDATA[Checking if all links are invisible]]>
    </line>
    <line>
      <![CDATA[.........COMPLETED]]>
    </line>
    <line>
      <![CDATA[Checking if all links are Visible]]>
    </line>
    <line>
      <![CDATA[.........COMPLETED]]>
    </line>
    <line>
      <![CDATA[Links to Hover:]]>
    </line>
    <line>
      <![CDATA[PIM
PIM.Configuration]]>
    </line>
    <line>
      <![CDATA[Links to validate:]]>
    </line>
    <line>
      <![CDATA[PIM.Configuration.OptionalFields
PIM.Configuration.CustomFields
PIM.Configuration.DataImport
PIM.Configuration.ReportingMethods
PIM.Configuration.TerminationReasons]]>
    </line>
    <line>
      <![CDATA[Checking if all links are invisible]]>
    </line>
    <line>
      <![CDATA[.........COMPLETED]]>
    </line>
    <line>
      <![CDATA[Checking if all links are Visible]]>
    </line>
    <line>
      <![CDATA[.........COMPLETED]]>
    </line>
  </reporter-output>
  <suite name="Open HRM Regression Suite" duration-ms="29571" started-at="2020-08-26T10:56:13Z" finished-at="2020-08-26T10:56:43Z">
    <groups>
      <group name="HighPriority">
        <method signature="InvalidLoginTest.invalidLoginTest(java.lang.String, java.lang.String, java.lang.String, java.lang.String, org.testng.ITestContext)[pri:0, instance:RegressionTest.InvalidLoginTest@3745e5c6]" name="invalidLoginTest" class="RegressionTest.InvalidLoginTest"/>
        <method signature="LinkValidation.login(java.lang.String, java.lang.String, java.lang.String, org.testng.ITestContext)[pri:0, instance:RegressionTest.LinkValidation@5ad851c9]" name="login" class="RegressionTest.LinkValidation"/>
        <method signature="LinkValidation.menuValidation(java.lang.String, java.lang.String, org.testng.ITestContext)[pri:0, instance:RegressionTest.LinkValidation@5ad851c9]" name="menuValidation" class="RegressionTest.LinkValidation"/>
      </group> <!-- HighPriority -->
      <group name="MediumPriority">
        <method signature="LinkValidation.login(java.lang.String, java.lang.String, java.lang.String, org.testng.ITestContext)[pri:0, instance:RegressionTest.LinkValidation@5ad851c9]" name="login" class="RegressionTest.LinkValidation"/>
        <method signature="LinkValidation.menuValidation(java.lang.String, java.lang.String, org.testng.ITestContext)[pri:0, instance:RegressionTest.LinkValidation@5ad851c9]" name="menuValidation" class="RegressionTest.LinkValidation"/>
      </group> <!-- MediumPriority -->
      <group name="LowPriority">
        <method signature="LinkValidation.login(java.lang.String, java.lang.String, java.lang.String, org.testng.ITestContext)[pri:0, instance:RegressionTest.LinkValidation@5ad851c9]" name="login" class="RegressionTest.LinkValidation"/>
        <method signature="LinkValidation.menuValidation(java.lang.String, java.lang.String, org.testng.ITestContext)[pri:0, instance:RegressionTest.LinkValidation@5ad851c9]" name="menuValidation" class="RegressionTest.LinkValidation"/>
      </group> <!-- LowPriority -->
    </groups>
    <test name="Test" duration-ms="29571" started-at="2020-08-26T10:56:13Z" finished-at="2020-08-26T10:56:43Z">
      <class name="RegressionTest.InvalidLoginTest">
        <test-method status="PASS" signature="loadBrowser()[pri:0, instance:RegressionTest.InvalidLoginTest@3745e5c6]" name="loadBrowser" is-config="true" duration-ms="4538" started-at="2020-08-26T16:26:13Z" finished-at="2020-08-26T16:26:17Z">
          <reporter-output>
          </reporter-output>
        </test-method> <!-- loadBrowser -->
        <test-method status="PASS" signature="loadBrowser()[pri:0, instance:RegressionTest.LinkValidation@5ad851c9]" name="loadBrowser" is-config="true" duration-ms="3880" started-at="2020-08-26T16:26:17Z" finished-at="2020-08-26T16:26:21Z">
          <reporter-output>
          </reporter-output>
        </test-method> <!-- loadBrowser -->
        <test-method status="PASS" signature="loadLoginPage(java.lang.String)[pri:0, instance:RegressionTest.InvalidLoginTest@3745e5c6]" name="loadLoginPage" is-config="true" duration-ms="1918" started-at="2020-08-26T16:26:24Z" finished-at="2020-08-26T16:26:26Z">
          <params>
            <param index="0">
              <value>
                <![CDATA[https://s2.demo.opensourcecms.com/orangehrm/symfony/web/index.php/auth/login]]>
              </value>
            </param>
          </params>
          <reporter-output>
          </reporter-output>
        </test-method> <!-- loadLoginPage -->
        <test-method status="PASS" signature="invalidLoginTest(java.lang.String, java.lang.String, java.lang.String, java.lang.String, org.testng.ITestContext)[pri:0, instance:RegressionTest.InvalidLoginTest@3745e5c6]" name="invalidLoginTest" duration-ms="294" started-at="2020-08-26T16:26:26Z" data-provider="TestDataRepository" finished-at="2020-08-26T16:26:26Z">
          <params>
            <param index="0">
              <value>
                <![CDATA[TC#1_AllFieldsBlank]]>
              </value>
            </param>
            <param index="1">
              <value>
                <![CDATA[]]>
              </value>
            </param>
            <param index="2">
              <value>
                <![CDATA[]]>
              </value>
            </param>
            <param index="3">
              <value>
                <![CDATA[Username cannot be empty]]>
              </value>
            </param>
            <param index="4">
              <value>
                <![CDATA[org.testng.TestRunner@79dea796]]>
              </value>
            </param>
          </params>
          <reporter-output>
          </reporter-output>
        </test-method> <!-- invalidLoginTest -->
        <test-method status="PASS" signature="loadLoginPage(java.lang.String)[pri:0, instance:RegressionTest.InvalidLoginTest@3745e5c6]" name="loadLoginPage" is-config="true" duration-ms="424" started-at="2020-08-26T16:26:26Z" finished-at="2020-08-26T16:26:26Z">
          <params>
            <param index="0">
              <value>
                <![CDATA[https://s2.demo.opensourcecms.com/orangehrm/symfony/web/index.php/auth/login]]>
              </value>
            </param>
          </params>
          <reporter-output>
          </reporter-output>
        </test-method> <!-- loadLoginPage -->
        <test-method status="PASS" signature="invalidLoginTest(java.lang.String, java.lang.String, java.lang.String, java.lang.String, org.testng.ITestContext)[pri:0, instance:RegressionTest.InvalidLoginTest@3745e5c6]" name="invalidLoginTest" duration-ms="509" started-at="2020-08-26T16:26:26Z" data-provider="TestDataRepository" finished-at="2020-08-26T16:26:27Z">
          <params>
            <param index="0">
              <value>
                <![CDATA[TC#2_UserNameBlank]]>
              </value>
            </param>
            <param index="1">
              <value>
                <![CDATA[]]>
              </value>
            </param>
            <param index="2">
              <value>
                <![CDATA[DUMMY_PASS]]>
              </value>
            </param>
            <param index="3">
              <value>
                <![CDATA[Username cannot be empty]]>
              </value>
            </param>
            <param index="4">
              <value>
                <![CDATA[org.testng.TestRunner@79dea796]]>
              </value>
            </param>
          </params>
          <reporter-output>
          </reporter-output>
        </test-method> <!-- invalidLoginTest -->
        <test-method status="PASS" signature="loadLoginPage(java.lang.String)[pri:0, instance:RegressionTest.InvalidLoginTest@3745e5c6]" name="loadLoginPage" is-config="true" duration-ms="896" started-at="2020-08-26T16:26:27Z" finished-at="2020-08-26T16:26:28Z">
          <params>
            <param index="0">
              <value>
                <![CDATA[https://s2.demo.opensourcecms.com/orangehrm/symfony/web/index.php/auth/login]]>
              </value>
            </param>
          </params>
          <reporter-output>
          </reporter-output>
        </test-method> <!-- loadLoginPage -->
        <test-method status="PASS" signature="invalidLoginTest(java.lang.String, java.lang.String, java.lang.String, java.lang.String, org.testng.ITestContext)[pri:0, instance:RegressionTest.InvalidLoginTest@3745e5c6]" name="invalidLoginTest" duration-ms="479" started-at="2020-08-26T16:26:28Z" data-provider="TestDataRepository" finished-at="2020-08-26T16:26:28Z">
          <params>
            <param index="0">
              <value>
                <![CDATA[TC#3_PasswordBlank]]>
              </value>
            </param>
            <param index="1">
              <value>
                <![CDATA[DUMMY_USERNAME]]>
              </value>
            </param>
            <param index="2">
              <value>
                <![CDATA[]]>
              </value>
            </param>
            <param index="3">
              <value>
                <![CDATA[Password cannot be empty]]>
              </value>
            </param>
            <param index="4">
              <value>
                <![CDATA[org.testng.TestRunner@79dea796]]>
              </value>
            </param>
          </params>
          <reporter-output>
          </reporter-output>
        </test-method> <!-- invalidLoginTest -->
        <test-method status="PASS" signature="loadLoginPage(java.lang.String)[pri:0, instance:RegressionTest.InvalidLoginTest@3745e5c6]" name="loadLoginPage" is-config="true" duration-ms="387" started-at="2020-08-26T16:26:28Z" finished-at="2020-08-26T16:26:29Z">
          <params>
            <param index="0">
              <value>
                <![CDATA[https://s2.demo.opensourcecms.com/orangehrm/symfony/web/index.php/auth/login]]>
              </value>
            </param>
          </params>
          <reporter-output>
          </reporter-output>
        </test-method> <!-- loadLoginPage -->
        <test-method status="PASS" signature="invalidLoginTest(java.lang.String, java.lang.String, java.lang.String, java.lang.String, org.testng.ITestContext)[pri:0, instance:RegressionTest.InvalidLoginTest@3745e5c6]" name="invalidLoginTest" duration-ms="669" started-at="2020-08-26T16:26:29Z" data-provider="TestDataRepository" finished-at="2020-08-26T16:26:29Z">
          <params>
            <param index="0">
              <value>
                <![CDATA[TC#4_InvalidCredentials]]>
              </value>
            </param>
            <param index="1">
              <value>
                <![CDATA[DUMMY_USERNAME]]>
              </value>
            </param>
            <param index="2">
              <value>
                <![CDATA[DUMMY_PASS]]>
              </value>
            </param>
            <param index="3">
              <value>
                <![CDATA[Invalid credentials]]>
              </value>
            </param>
            <param index="4">
              <value>
                <![CDATA[org.testng.TestRunner@79dea796]]>
              </value>
            </param>
          </params>
          <reporter-output>
          </reporter-output>
        </test-method> <!-- invalidLoginTest -->
        <test-method status="PASS" signature="loadLoginPage(java.lang.String)[pri:0, instance:RegressionTest.InvalidLoginTest@3745e5c6]" name="loadLoginPage" is-config="true" duration-ms="560" started-at="2020-08-26T16:26:29Z" finished-at="2020-08-26T16:26:30Z">
          <params>
            <param index="0">
              <value>
                <![CDATA[https://s2.demo.opensourcecms.com/orangehrm/symfony/web/index.php/auth/login]]>
              </value>
            </param>
          </params>
          <reporter-output>
          </reporter-output>
        </test-method> <!-- loadLoginPage -->
        <test-method status="PASS" signature="invalidLoginTest(java.lang.String, java.lang.String, java.lang.String, java.lang.String, org.testng.ITestContext)[pri:0, instance:RegressionTest.InvalidLoginTest@3745e5c6]" name="invalidLoginTest" duration-ms="885" started-at="2020-08-26T16:26:30Z" data-provider="TestDataRepository" finished-at="2020-08-26T16:26:31Z">
          <params>
            <param index="0">
              <value>
                <![CDATA[TC#5_AdditionalInvalidCredentials]]>
              </value>
            </param>
            <param index="1">
              <value>
                <![CDATA[NISHAD]]>
              </value>
            </param>
            <param index="2">
              <value>
                <![CDATA[Invalid]]>
              </value>
            </param>
            <param index="3">
              <value>
                <![CDATA[Invalid credentials]]>
              </value>
            </param>
            <param index="4">
              <value>
                <![CDATA[org.testng.TestRunner@79dea796]]>
              </value>
            </param>
          </params>
          <reporter-output>
          </reporter-output>
        </test-method> <!-- invalidLoginTest -->
        <test-method status="PASS" signature="loadLoginPage(java.lang.String)[pri:0, instance:RegressionTest.InvalidLoginTest@3745e5c6]" name="loadLoginPage" is-config="true" duration-ms="446" started-at="2020-08-26T16:26:31Z" finished-at="2020-08-26T16:26:31Z">
          <params>
            <param index="0">
              <value>
                <![CDATA[https://s2.demo.opensourcecms.com/orangehrm/symfony/web/index.php/auth/login]]>
              </value>
            </param>
          </params>
          <reporter-output>
          </reporter-output>
        </test-method> <!-- loadLoginPage -->
        <test-method status="PASS" signature="invalidLoginTest(java.lang.String, java.lang.String, java.lang.String, java.lang.String, org.testng.ITestContext)[pri:0, instance:RegressionTest.InvalidLoginTest@3745e5c6]" name="invalidLoginTest" duration-ms="599" started-at="2020-08-26T16:26:31Z" data-provider="TestDataRepository" finished-at="2020-08-26T16:26:32Z">
          <params>
            <param index="0">
              <value>
                <![CDATA[TC#6_AdditionalInvalidCredentials]]>
              </value>
            </param>
            <param index="1">
              <value>
                <![CDATA[Prajakta]]>
              </value>
            </param>
            <param index="2">
              <value>
                <![CDATA[Invalid]]>
              </value>
            </param>
            <param index="3">
              <value>
                <![CDATA[Invalid credentials]]>
              </value>
            </param>
            <param index="4">
              <value>
                <![CDATA[org.testng.TestRunner@79dea796]]>
              </value>
            </param>
          </params>
          <reporter-output>
          </reporter-output>
        </test-method> <!-- invalidLoginTest -->
        <test-method status="PASS" signature="loadLoginPage(java.lang.String)[pri:0, instance:RegressionTest.InvalidLoginTest@3745e5c6]" name="loadLoginPage" is-config="true" duration-ms="428" started-at="2020-08-26T16:26:32Z" finished-at="2020-08-26T16:26:32Z">
          <params>
            <param index="0">
              <value>
                <![CDATA[https://s2.demo.opensourcecms.com/orangehrm/symfony/web/index.php/auth/login]]>
              </value>
            </param>
          </params>
          <reporter-output>
          </reporter-output>
        </test-method> <!-- loadLoginPage -->
        <test-method status="PASS" signature="invalidLoginTest(java.lang.String, java.lang.String, java.lang.String, java.lang.String, org.testng.ITestContext)[pri:0, instance:RegressionTest.InvalidLoginTest@3745e5c6]" name="invalidLoginTest" duration-ms="646" started-at="2020-08-26T16:26:32Z" data-provider="TestDataRepository" finished-at="2020-08-26T16:26:33Z">
          <params>
            <param index="0">
              <value>
                <![CDATA[TC#7_AdditionalInvalidCredentials]]>
              </value>
            </param>
            <param index="1">
              <value>
                <![CDATA[Arun]]>
              </value>
            </param>
            <param index="2">
              <value>
                <![CDATA[Invalid]]>
              </value>
            </param>
            <param index="3">
              <value>
                <![CDATA[Invalid credentials]]>
              </value>
            </param>
            <param index="4">
              <value>
                <![CDATA[org.testng.TestRunner@79dea796]]>
              </value>
            </param>
          </params>
          <reporter-output>
          </reporter-output>
        </test-method> <!-- invalidLoginTest -->
        <test-method status="PASS" signature="loadLoginPage(java.lang.String)[pri:0, instance:RegressionTest.InvalidLoginTest@3745e5c6]" name="loadLoginPage" is-config="true" duration-ms="484" started-at="2020-08-26T16:26:33Z" finished-at="2020-08-26T16:26:33Z">
          <params>
            <param index="0">
              <value>
                <![CDATA[https://s2.demo.opensourcecms.com/orangehrm/symfony/web/index.php/auth/login]]>
              </value>
            </param>
          </params>
          <reporter-output>
          </reporter-output>
        </test-method> <!-- loadLoginPage -->
        <test-method status="PASS" signature="invalidLoginTest(java.lang.String, java.lang.String, java.lang.String, java.lang.String, org.testng.ITestContext)[pri:0, instance:RegressionTest.InvalidLoginTest@3745e5c6]" name="invalidLoginTest" duration-ms="572" started-at="2020-08-26T16:26:33Z" data-provider="TestDataRepository" finished-at="2020-08-26T16:26:34Z">
          <params>
            <param index="0">
              <value>
                <![CDATA[TC#8_AdditionalInvalidCredentials]]>
              </value>
            </param>
            <param index="1">
              <value>
                <![CDATA[Neha]]>
              </value>
            </param>
            <param index="2">
              <value>
                <![CDATA[Invalid]]>
              </value>
            </param>
            <param index="3">
              <value>
                <![CDATA[Invalid credentials]]>
              </value>
            </param>
            <param index="4">
              <value>
                <![CDATA[org.testng.TestRunner@79dea796]]>
              </value>
            </param>
          </params>
          <reporter-output>
          </reporter-output>
        </test-method> <!-- invalidLoginTest -->
        <test-method status="PASS" signature="loadLoginPage(java.lang.String)[pri:0, instance:RegressionTest.InvalidLoginTest@3745e5c6]" name="loadLoginPage" is-config="true" duration-ms="409" started-at="2020-08-26T16:26:34Z" finished-at="2020-08-26T16:26:34Z">
          <params>
            <param index="0">
              <value>
                <![CDATA[https://s2.demo.opensourcecms.com/orangehrm/symfony/web/index.php/auth/login]]>
              </value>
            </param>
          </params>
          <reporter-output>
          </reporter-output>
        </test-method> <!-- loadLoginPage -->
        <test-method status="PASS" signature="invalidLoginTest(java.lang.String, java.lang.String, java.lang.String, java.lang.String, org.testng.ITestContext)[pri:0, instance:RegressionTest.InvalidLoginTest@3745e5c6]" name="invalidLoginTest" duration-ms="495" started-at="2020-08-26T16:26:34Z" data-provider="TestDataRepository" finished-at="2020-08-26T16:26:35Z">
          <params>
            <param index="0">
              <value>
                <![CDATA[TC#9_AdditionalInvalidCredentials]]>
              </value>
            </param>
            <param index="1">
              <value>
                <![CDATA[Malhar]]>
              </value>
            </param>
            <param index="2">
              <value>
                <![CDATA[Invalid]]>
              </value>
            </param>
            <param index="3">
              <value>
                <![CDATA[Invalid credentials]]>
              </value>
            </param>
            <param index="4">
              <value>
                <![CDATA[org.testng.TestRunner@79dea796]]>
              </value>
            </param>
          </params>
          <reporter-output>
          </reporter-output>
        </test-method> <!-- invalidLoginTest -->
        <test-method status="PASS" signature="loadLoginPage(java.lang.String)[pri:0, instance:RegressionTest.InvalidLoginTest@3745e5c6]" name="loadLoginPage" is-config="true" duration-ms="544" started-at="2020-08-26T16:26:35Z" finished-at="2020-08-26T16:26:35Z">
          <params>
            <param index="0">
              <value>
                <![CDATA[https://s2.demo.opensourcecms.com/orangehrm/symfony/web/index.php/auth/login]]>
              </value>
            </param>
          </params>
          <reporter-output>
          </reporter-output>
        </test-method> <!-- loadLoginPage -->
        <test-method status="PASS" signature="invalidLoginTest(java.lang.String, java.lang.String, java.lang.String, java.lang.String, org.testng.ITestContext)[pri:0, instance:RegressionTest.InvalidLoginTest@3745e5c6]" name="invalidLoginTest" duration-ms="619" started-at="2020-08-26T16:26:35Z" data-provider="TestDataRepository" finished-at="2020-08-26T16:26:36Z">
          <params>
            <param index="0">
              <value>
                <![CDATA[TC#10_AdditionalInvalidCredentials]]>
              </value>
            </param>
            <param index="1">
              <value>
                <![CDATA[Ira]]>
              </value>
            </param>
            <param index="2">
              <value>
                <![CDATA[Invalid]]>
              </value>
            </param>
            <param index="3">
              <value>
                <![CDATA[Invalid credentials]]>
              </value>
            </param>
            <param index="4">
              <value>
                <![CDATA[org.testng.TestRunner@79dea796]]>
              </value>
            </param>
          </params>
          <reporter-output>
          </reporter-output>
        </test-method> <!-- invalidLoginTest -->
        <test-method status="PASS" signature="loadLoginPage(java.lang.String)[pri:0, instance:RegressionTest.InvalidLoginTest@3745e5c6]" name="loadLoginPage" is-config="true" duration-ms="436" started-at="2020-08-26T16:26:36Z" finished-at="2020-08-26T16:26:36Z">
          <params>
            <param index="0">
              <value>
                <![CDATA[https://s2.demo.opensourcecms.com/orangehrm/symfony/web/index.php/auth/login]]>
              </value>
            </param>
          </params>
          <reporter-output>
          </reporter-output>
        </test-method> <!-- loadLoginPage -->
        <test-method status="PASS" signature="invalidLoginTest(java.lang.String, java.lang.String, java.lang.String, java.lang.String, org.testng.ITestContext)[pri:0, instance:RegressionTest.InvalidLoginTest@3745e5c6]" name="invalidLoginTest" duration-ms="586" started-at="2020-08-26T16:26:36Z" data-provider="TestDataRepository" finished-at="2020-08-26T16:26:37Z">
          <params>
            <param index="0">
              <value>
                <![CDATA[TC#11_AdditionalBlanks]]>
              </value>
            </param>
            <param index="1">
              <value>
                <![CDATA[ ]]>
              </value>
            </param>
            <param index="2">
              <value>
                <![CDATA[ ]]>
              </value>
            </param>
            <param index="3">
              <value>
                <![CDATA[Invalid credentials]]>
              </value>
            </param>
            <param index="4">
              <value>
                <![CDATA[org.testng.TestRunner@79dea796]]>
              </value>
            </param>
          </params>
          <reporter-output>
          </reporter-output>
        </test-method> <!-- invalidLoginTest -->
        <test-method status="PASS" signature="loadLoginPage(java.lang.String)[pri:0, instance:RegressionTest.InvalidLoginTest@3745e5c6]" name="loadLoginPage" is-config="true" duration-ms="396" started-at="2020-08-26T16:26:37Z" finished-at="2020-08-26T16:26:37Z">
          <params>
            <param index="0">
              <value>
                <![CDATA[https://s2.demo.opensourcecms.com/orangehrm/symfony/web/index.php/auth/login]]>
              </value>
            </param>
          </params>
          <reporter-output>
          </reporter-output>
        </test-method> <!-- loadLoginPage -->
        <test-method status="PASS" signature="invalidLoginTest(java.lang.String, java.lang.String, java.lang.String, java.lang.String, org.testng.ITestContext)[pri:0, instance:RegressionTest.InvalidLoginTest@3745e5c6]" name="invalidLoginTest" duration-ms="662" started-at="2020-08-26T16:26:37Z" data-provider="TestDataRepository" finished-at="2020-08-26T16:26:38Z">
          <params>
            <param index="0">
              <value>
                <![CDATA[TC#12_AdditionalBlanks]]>
              </value>
            </param>
            <param index="1">
              <value>
                <![CDATA[  ]]>
              </value>
            </param>
            <param index="2">
              <value>
                <![CDATA[ ]]>
              </value>
            </param>
            <param index="3">
              <value>
                <![CDATA[Invalid credentials]]>
              </value>
            </param>
            <param index="4">
              <value>
                <![CDATA[org.testng.TestRunner@79dea796]]>
              </value>
            </param>
          </params>
          <reporter-output>
          </reporter-output>
        </test-method> <!-- invalidLoginTest -->
        <test-method status="PASS" signature="loadLoginPage(java.lang.String)[pri:0, instance:RegressionTest.InvalidLoginTest@3745e5c6]" name="loadLoginPage" is-config="true" duration-ms="440" started-at="2020-08-26T16:26:38Z" finished-at="2020-08-26T16:26:39Z">
          <params>
            <param index="0">
              <value>
                <![CDATA[https://s2.demo.opensourcecms.com/orangehrm/symfony/web/index.php/auth/login]]>
              </value>
            </param>
          </params>
          <reporter-output>
          </reporter-output>
        </test-method> <!-- loadLoginPage -->
        <test-method status="PASS" signature="invalidLoginTest(java.lang.String, java.lang.String, java.lang.String, java.lang.String, org.testng.ITestContext)[pri:0, instance:RegressionTest.InvalidLoginTest@3745e5c6]" name="invalidLoginTest" duration-ms="579" started-at="2020-08-26T16:26:39Z" data-provider="TestDataRepository" finished-at="2020-08-26T16:26:39Z">
          <params>
            <param index="0">
              <value>
                <![CDATA[TC#13_AdditionalBlanks]]>
              </value>
            </param>
            <param index="1">
              <value>
                <![CDATA[ ]]>
              </value>
            </param>
            <param index="2">
              <value>
                <![CDATA[  ]]>
              </value>
            </param>
            <param index="3">
              <value>
                <![CDATA[Invalid credentials]]>
              </value>
            </param>
            <param index="4">
              <value>
                <![CDATA[org.testng.TestRunner@79dea796]]>
              </value>
            </param>
          </params>
          <reporter-output>
          </reporter-output>
        </test-method> <!-- invalidLoginTest -->
        <test-method status="PASS" signature="loadLoginPage(java.lang.String)[pri:0, instance:RegressionTest.InvalidLoginTest@3745e5c6]" name="loadLoginPage" is-config="true" duration-ms="425" started-at="2020-08-26T16:26:39Z" finished-at="2020-08-26T16:26:40Z">
          <params>
            <param index="0">
              <value>
                <![CDATA[https://s2.demo.opensourcecms.com/orangehrm/symfony/web/index.php/auth/login]]>
              </value>
            </param>
          </params>
          <reporter-output>
          </reporter-output>
        </test-method> <!-- loadLoginPage -->
        <test-method status="PASS" signature="invalidLoginTest(java.lang.String, java.lang.String, java.lang.String, java.lang.String, org.testng.ITestContext)[pri:0, instance:RegressionTest.InvalidLoginTest@3745e5c6]" name="invalidLoginTest" duration-ms="576" started-at="2020-08-26T16:26:40Z" data-provider="TestDataRepository" finished-at="2020-08-26T16:26:40Z">
          <params>
            <param index="0">
              <value>
                <![CDATA[TC#14_AdditionalBlanks]]>
              </value>
            </param>
            <param index="1">
              <value>
                <![CDATA[   ]]>
              </value>
            </param>
            <param index="2">
              <value>
                <![CDATA[  ]]>
              </value>
            </param>
            <param index="3">
              <value>
                <![CDATA[Invalid credentials]]>
              </value>
            </param>
            <param index="4">
              <value>
                <![CDATA[org.testng.TestRunner@79dea796]]>
              </value>
            </param>
          </params>
          <reporter-output>
          </reporter-output>
        </test-method> <!-- invalidLoginTest -->
        <test-method status="PASS" signature="loadLoginPage(java.lang.String)[pri:0, instance:RegressionTest.InvalidLoginTest@3745e5c6]" name="loadLoginPage" is-config="true" duration-ms="544" started-at="2020-08-26T16:26:40Z" finished-at="2020-08-26T16:26:41Z">
          <params>
            <param index="0">
              <value>
                <![CDATA[https://s2.demo.opensourcecms.com/orangehrm/symfony/web/index.php/auth/login]]>
              </value>
            </param>
          </params>
          <reporter-output>
          </reporter-output>
        </test-method> <!-- loadLoginPage -->
        <test-method status="PASS" signature="invalidLoginTest(java.lang.String, java.lang.String, java.lang.String, java.lang.String, org.testng.ITestContext)[pri:0, instance:RegressionTest.InvalidLoginTest@3745e5c6]" name="invalidLoginTest" duration-ms="591" started-at="2020-08-26T16:26:41Z" data-provider="TestDataRepository" finished-at="2020-08-26T16:26:41Z">
          <params>
            <param index="0">
              <value>
                <![CDATA[TC#15_AdditionalBlanks]]>
              </value>
            </param>
            <param index="1">
              <value>
                <![CDATA[  ]]>
              </value>
            </param>
            <param index="2">
              <value>
                <![CDATA[    ]]>
              </value>
            </param>
            <param index="3">
              <value>
                <![CDATA[Invalid credentials]]>
              </value>
            </param>
            <param index="4">
              <value>
                <![CDATA[org.testng.TestRunner@79dea796]]>
              </value>
            </param>
          </params>
          <reporter-output>
          </reporter-output>
        </test-method> <!-- invalidLoginTest -->
        <test-method status="PASS" signature="closeBrowser()[pri:0, instance:RegressionTest.InvalidLoginTest@3745e5c6]" name="closeBrowser" is-config="true" duration-ms="93" started-at="2020-08-26T16:26:41Z" finished-at="2020-08-26T16:26:41Z">
          <reporter-output>
          </reporter-output>
        </test-method> <!-- closeBrowser -->
        <test-method status="PASS" signature="logoutAndCloseBrowser()[pri:0, instance:RegressionTest.LinkValidation@5ad851c9]" name="logoutAndCloseBrowser" is-config="true" duration-ms="1124" started-at="2020-08-26T16:26:41Z" finished-at="2020-08-26T16:26:43Z">
          <reporter-output>
          </reporter-output>
        </test-method> <!-- logoutAndCloseBrowser -->
      </class> <!-- RegressionTest.InvalidLoginTest -->
      <class name="RegressionTest.LinkValidation">
        <test-method status="PASS" signature="login(java.lang.String, java.lang.String, java.lang.String, org.testng.ITestContext)[pri:0, instance:RegressionTest.LinkValidation@5ad851c9]" name="login" duration-ms="5619" started-at="2020-08-26T16:26:21Z" finished-at="2020-08-26T16:26:27Z">
          <params>
            <param index="0">
              <value>
                <![CDATA[https://s2.demo.opensourcecms.com/orangehrm/symfony/web/index.php/auth/login]]>
              </value>
            </param>
            <param index="1">
              <value>
                <![CDATA[opensourcecms]]>
              </value>
            </param>
            <param index="2">
              <value>
                <![CDATA[opensourcecms]]>
              </value>
            </param>
            <param index="3">
              <value>
                <![CDATA[org.testng.TestRunner@79dea796]]>
              </value>
            </param>
          </params>
          <reporter-output>
          </reporter-output>
        </test-method> <!-- login -->
        <test-method status="PASS" signature="menuValidation(java.lang.String, java.lang.String, org.testng.ITestContext)[pri:0, instance:RegressionTest.LinkValidation@5ad851c9]" name="menuValidation" duration-ms="808" started-at="2020-08-26T16:26:27Z" data-provider="TestDataRepository" depends-on-methods="RegressionTest.LinkValidation.login" finished-at="2020-08-26T16:26:28Z">
          <params>
            <param index="0">
              <value>
                <![CDATA[Admin]]>
              </value>
            </param>
            <param index="1">
              <value>
                <![CDATA[Admin.Organization
Admin.Job
Admin.Qualification
Admin.Memberships
Admin.Nationalities
Admin.Users
Admin.EmailNotifications
Admin.ProjectInfo]]>
              </value>
            </param>
            <param index="2">
              <value>
                <![CDATA[org.testng.TestRunner@79dea796]]>
              </value>
            </param>
          </params>
          <reporter-output>
            <line>
              <![CDATA[Links to Hover:]]>
            </line>
            <line>
              <![CDATA[Admin]]>
            </line>
            <line>
              <![CDATA[Links to validate:]]>
            </line>
            <line>
              <![CDATA[Admin.Organization
Admin.Job
Admin.Qualification
Admin.Memberships
Admin.Nationalities
Admin.Users
Admin.EmailNotifications
Admin.ProjectInfo]]>
            </line>
            <line>
              <![CDATA[Checking if all links are invisible]]>
            </line>
            <line>
              <![CDATA[.........COMPLETED]]>
            </line>
            <line>
              <![CDATA[Checking if all links are Visible]]>
            </line>
            <line>
              <![CDATA[.........COMPLETED]]>
            </line>
          </reporter-output>
        </test-method> <!-- menuValidation -->
        <test-method status="PASS" signature="menuValidation(java.lang.String, java.lang.String, org.testng.ITestContext)[pri:0, instance:RegressionTest.LinkValidation@5ad851c9]" name="menuValidation" duration-ms="437" started-at="2020-08-26T16:26:28Z" data-provider="TestDataRepository" depends-on-methods="RegressionTest.LinkValidation.login" finished-at="2020-08-26T16:26:28Z">
          <params>
            <param index="0">
              <value>
                <![CDATA[Admin
Admin.Organization]]>
              </value>
            </param>
            <param index="1">
              <value>
                <![CDATA[Admin.Organization.GeneralInformation
Admin.Organization.Locations
Admin.Organization.Structure]]>
              </value>
            </param>
            <param index="2">
              <value>
                <![CDATA[org.testng.TestRunner@79dea796]]>
              </value>
            </param>
          </params>
          <reporter-output>
            <line>
              <![CDATA[Links to Hover:]]>
            </line>
            <line>
              <![CDATA[Admin
Admin.Organization]]>
            </line>
            <line>
              <![CDATA[Links to validate:]]>
            </line>
            <line>
              <![CDATA[Admin.Organization.GeneralInformation
Admin.Organization.Locations
Admin.Organization.Structure]]>
            </line>
            <line>
              <![CDATA[Checking if all links are invisible]]>
            </line>
            <line>
              <![CDATA[.........COMPLETED]]>
            </line>
            <line>
              <![CDATA[Checking if all links are Visible]]>
            </line>
            <line>
              <![CDATA[.........COMPLETED]]>
            </line>
          </reporter-output>
        </test-method> <!-- menuValidation -->
        <test-method status="PASS" signature="menuValidation(java.lang.String, java.lang.String, org.testng.ITestContext)[pri:0, instance:RegressionTest.LinkValidation@5ad851c9]" name="menuValidation" duration-ms="489" started-at="2020-08-26T16:26:28Z" data-provider="TestDataRepository" depends-on-methods="RegressionTest.LinkValidation.login" finished-at="2020-08-26T16:26:29Z">
          <params>
            <param index="0">
              <value>
                <![CDATA[Admin
Admin.Job]]>
              </value>
            </param>
            <param index="1">
              <value>
                <![CDATA[Admin.Job.JobTitles
Admin.Job.PayGrades
Admin.Job.EmploymentStatus
Admin.Job.JobCategories
Admin.Job.WorkShifts]]>
              </value>
            </param>
            <param index="2">
              <value>
                <![CDATA[org.testng.TestRunner@79dea796]]>
              </value>
            </param>
          </params>
          <reporter-output>
            <line>
              <![CDATA[Links to Hover:]]>
            </line>
            <line>
              <![CDATA[Admin
Admin.Job]]>
            </line>
            <line>
              <![CDATA[Links to validate:]]>
            </line>
            <line>
              <![CDATA[Admin.Job.JobTitles
Admin.Job.PayGrades
Admin.Job.EmploymentStatus
Admin.Job.JobCategories
Admin.Job.WorkShifts]]>
            </line>
            <line>
              <![CDATA[Checking if all links are invisible]]>
            </line>
            <line>
              <![CDATA[.........COMPLETED]]>
            </line>
            <line>
              <![CDATA[Checking if all links are Visible]]>
            </line>
            <line>
              <![CDATA[.........COMPLETED]]>
            </line>
          </reporter-output>
        </test-method> <!-- menuValidation -->
        <test-method status="PASS" signature="menuValidation(java.lang.String, java.lang.String, org.testng.ITestContext)[pri:0, instance:RegressionTest.LinkValidation@5ad851c9]" name="menuValidation" duration-ms="469" started-at="2020-08-26T16:26:29Z" data-provider="TestDataRepository" depends-on-methods="RegressionTest.LinkValidation.login" finished-at="2020-08-26T16:26:29Z">
          <params>
            <param index="0">
              <value>
                <![CDATA[Admin
Admin.Qualification]]>
              </value>
            </param>
            <param index="1">
              <value>
                <![CDATA[Admin.Qualification.Skills
Admin.Qualification.Education
Admin.Qualification.Licenses
Admin.Qualification.Languages]]>
              </value>
            </param>
            <param index="2">
              <value>
                <![CDATA[org.testng.TestRunner@79dea796]]>
              </value>
            </param>
          </params>
          <reporter-output>
            <line>
              <![CDATA[Links to Hover:]]>
            </line>
            <line>
              <![CDATA[Admin
Admin.Qualification]]>
            </line>
            <line>
              <![CDATA[Links to validate:]]>
            </line>
            <line>
              <![CDATA[Admin.Qualification.Skills
Admin.Qualification.Education
Admin.Qualification.Licenses
Admin.Qualification.Languages]]>
            </line>
            <line>
              <![CDATA[Checking if all links are invisible]]>
            </line>
            <line>
              <![CDATA[.........COMPLETED]]>
            </line>
            <line>
              <![CDATA[Checking if all links are Visible]]>
            </line>
            <line>
              <![CDATA[.........COMPLETED]]>
            </line>
          </reporter-output>
        </test-method> <!-- menuValidation -->
        <test-method status="PASS" signature="menuValidation(java.lang.String, java.lang.String, org.testng.ITestContext)[pri:0, instance:RegressionTest.LinkValidation@5ad851c9]" name="menuValidation" duration-ms="253" started-at="2020-08-26T16:26:29Z" data-provider="TestDataRepository" depends-on-methods="RegressionTest.LinkValidation.login" finished-at="2020-08-26T16:26:30Z">
          <params>
            <param index="0">
              <value>
                <![CDATA[Admin
Admin.EmailNotifications]]>
              </value>
            </param>
            <param index="1">
              <value>
                <![CDATA[Admin.EmailNotifications.Configuration
Admin.EmailNotifications.Subscribe]]>
              </value>
            </param>
            <param index="2">
              <value>
                <![CDATA[org.testng.TestRunner@79dea796]]>
              </value>
            </param>
          </params>
          <reporter-output>
            <line>
              <![CDATA[Links to Hover:]]>
            </line>
            <line>
              <![CDATA[Admin
Admin.EmailNotifications]]>
            </line>
            <line>
              <![CDATA[Links to validate:]]>
            </line>
            <line>
              <![CDATA[Admin.EmailNotifications.Configuration
Admin.EmailNotifications.Subscribe]]>
            </line>
            <line>
              <![CDATA[Checking if all links are invisible]]>
            </line>
            <line>
              <![CDATA[.........COMPLETED]]>
            </line>
            <line>
              <![CDATA[Checking if all links are Visible]]>
            </line>
            <line>
              <![CDATA[.........COMPLETED]]>
            </line>
          </reporter-output>
        </test-method> <!-- menuValidation -->
        <test-method status="PASS" signature="menuValidation(java.lang.String, java.lang.String, org.testng.ITestContext)[pri:0, instance:RegressionTest.LinkValidation@5ad851c9]" name="menuValidation" duration-ms="293" started-at="2020-08-26T16:26:30Z" data-provider="TestDataRepository" depends-on-methods="RegressionTest.LinkValidation.login" finished-at="2020-08-26T16:26:30Z">
          <params>
            <param index="0">
              <value>
                <![CDATA[Admin
Admin.ProjectInfo]]>
              </value>
            </param>
            <param index="1">
              <value>
                <![CDATA[Admin.ProjectInfo.Customers
Admin.ProjectInfo.Projects]]>
              </value>
            </param>
            <param index="2">
              <value>
                <![CDATA[org.testng.TestRunner@79dea796]]>
              </value>
            </param>
          </params>
          <reporter-output>
            <line>
              <![CDATA[Links to Hover:]]>
            </line>
            <line>
              <![CDATA[Admin
Admin.ProjectInfo]]>
            </line>
            <line>
              <![CDATA[Links to validate:]]>
            </line>
            <line>
              <![CDATA[Admin.ProjectInfo.Customers
Admin.ProjectInfo.Projects]]>
            </line>
            <line>
              <![CDATA[Checking if all links are invisible]]>
            </line>
            <line>
              <![CDATA[.........COMPLETED]]>
            </line>
            <line>
              <![CDATA[Checking if all links are Visible]]>
            </line>
            <line>
              <![CDATA[.........COMPLETED]]>
            </line>
          </reporter-output>
        </test-method> <!-- menuValidation -->
        <test-method status="PASS" signature="menuValidation(java.lang.String, java.lang.String, org.testng.ITestContext)[pri:0, instance:RegressionTest.LinkValidation@5ad851c9]" name="menuValidation" duration-ms="461" started-at="2020-08-26T16:26:30Z" data-provider="TestDataRepository" depends-on-methods="RegressionTest.LinkValidation.login" finished-at="2020-08-26T16:26:30Z">
          <params>
            <param index="0">
              <value>
                <![CDATA[Admin
Admin.Configuration]]>
              </value>
            </param>
            <param index="1">
              <value>
                <![CDATA[Admin.Configuration.Localization
Admin.Configuration.Modules]]>
              </value>
            </param>
            <param index="2">
              <value>
                <![CDATA[org.testng.TestRunner@79dea796]]>
              </value>
            </param>
          </params>
          <reporter-output>
            <line>
              <![CDATA[Links to Hover:]]>
            </line>
            <line>
              <![CDATA[Admin
Admin.Configuration]]>
            </line>
            <line>
              <![CDATA[Links to validate:]]>
            </line>
            <line>
              <![CDATA[Admin.Configuration.Localization
Admin.Configuration.Modules]]>
            </line>
            <line>
              <![CDATA[Checking if all links are invisible]]>
            </line>
            <line>
              <![CDATA[.........COMPLETED]]>
            </line>
            <line>
              <![CDATA[Checking if all links are Visible]]>
            </line>
            <line>
              <![CDATA[.........COMPLETED]]>
            </line>
          </reporter-output>
        </test-method> <!-- menuValidation -->
        <test-method status="PASS" signature="menuValidation(java.lang.String, java.lang.String, org.testng.ITestContext)[pri:0, instance:RegressionTest.LinkValidation@5ad851c9]" name="menuValidation" duration-ms="427" started-at="2020-08-26T16:26:30Z" data-provider="TestDataRepository" depends-on-methods="RegressionTest.LinkValidation.login" finished-at="2020-08-26T16:26:31Z">
          <params>
            <param index="0">
              <value>
                <![CDATA[PIM]]>
              </value>
            </param>
            <param index="1">
              <value>
                <![CDATA[PIM.Configuration
PIM.EmployeeList
PIM.AddEmployee
PIM.Reports]]>
              </value>
            </param>
            <param index="2">
              <value>
                <![CDATA[org.testng.TestRunner@79dea796]]>
              </value>
            </param>
          </params>
          <reporter-output>
            <line>
              <![CDATA[Links to Hover:]]>
            </line>
            <line>
              <![CDATA[PIM]]>
            </line>
            <line>
              <![CDATA[Links to validate:]]>
            </line>
            <line>
              <![CDATA[PIM.Configuration
PIM.EmployeeList
PIM.AddEmployee
PIM.Reports]]>
            </line>
            <line>
              <![CDATA[Checking if all links are invisible]]>
            </line>
            <line>
              <![CDATA[.........COMPLETED]]>
            </line>
            <line>
              <![CDATA[Checking if all links are Visible]]>
            </line>
            <line>
              <![CDATA[.........COMPLETED]]>
            </line>
          </reporter-output>
        </test-method> <!-- menuValidation -->
        <test-method status="PASS" signature="menuValidation(java.lang.String, java.lang.String, org.testng.ITestContext)[pri:0, instance:RegressionTest.LinkValidation@5ad851c9]" name="menuValidation" duration-ms="449" started-at="2020-08-26T16:26:31Z" data-provider="TestDataRepository" depends-on-methods="RegressionTest.LinkValidation.login" finished-at="2020-08-26T16:26:31Z">
          <params>
            <param index="0">
              <value>
                <![CDATA[PIM
PIM.Configuration]]>
              </value>
            </param>
            <param index="1">
              <value>
                <![CDATA[PIM.Configuration.OptionalFields
PIM.Configuration.CustomFields
PIM.Configuration.DataImport
PIM.Configuration.ReportingMethods
PIM.Configuration.TerminationReasons]]>
              </value>
            </param>
            <param index="2">
              <value>
                <![CDATA[org.testng.TestRunner@79dea796]]>
              </value>
            </param>
          </params>
          <reporter-output>
            <line>
              <![CDATA[Links to Hover:]]>
            </line>
            <line>
              <![CDATA[PIM
PIM.Configuration]]>
            </line>
            <line>
              <![CDATA[Links to validate:]]>
            </line>
            <line>
              <![CDATA[PIM.Configuration.OptionalFields
PIM.Configuration.CustomFields
PIM.Configuration.DataImport
PIM.Configuration.ReportingMethods
PIM.Configuration.TerminationReasons]]>
            </line>
            <line>
              <![CDATA[Checking if all links are invisible]]>
            </line>
            <line>
              <![CDATA[.........COMPLETED]]>
            </line>
            <line>
              <![CDATA[Checking if all links are Visible]]>
            </line>
            <line>
              <![CDATA[.........COMPLETED]]>
            </line>
          </reporter-output>
        </test-method> <!-- menuValidation -->
      </class> <!-- RegressionTest.LinkValidation -->
    </test> <!-- Test -->
  </suite> <!-- Open HRM Regression Suite -->
</testng-results>
