<?xml version="1.0" encoding="UTF-8"?>
<!-- Generated by org.testng.reporters.JUnitXMLReporter -->
<testsuite hostname="DESKTOP-9E5A4CC" name="Test" tests="7" failures="0" timestamp="24 Aug 2020 15:20:59 GMT" time="20.376" errors="0">
  <testcase name="invalidLoginTest" time="0.297" classname="RegressionTest.InvalidLoginTest"/>
  <testcase name="invalidLoginTest" time="0.271" classname="RegressionTest.InvalidLoginTest"/>
  <testcase name="invalidLoginTest" time="0.286" classname="RegressionTest.InvalidLoginTest"/>
  <testcase name="invalidLoginTest" time="0.735" classname="RegressionTest.InvalidLoginTest"/>
  <testcase name="login" time="4.573" classname="RegressionTest.LinkValidation"/>
  <testcase name="linkValidations" time="0.056" classname="RegressionTest.LinkValidation"/>
  <testcase name="linkValidations" time="0.056" classname="RegressionTest.LinkValidation"/>
</testsuite> <!-- Test -->
